[0.375s] DEBUG:colcon:Command line arguments: ['/usr/bin/colcon', 'build']
[0.375s] DEBUG:colcon:Parsed command line arguments: Namespace(log_base=None, log_level=None, verb_name='build', build_base='build', install_base='install', merge_install=False, symlink_install=False, test_result_base=None, continue_on_error=False, executor='parallel', parallel_workers=8, event_handlers=None, ignore_user_meta=False, metas=['./colcon.meta'], base_paths=['.'], packages_ignore=None, packages_ignore_regex=None, paths=None, packages_up_to=None, packages_up_to_regex=None, packages_above=None, packages_above_and_dependencies=None, packages_above_depth=None, packages_select_by_dep=None, packages_skip_by_dep=None, packages_skip_up_to=None, packages_select_build_failed=False, packages_skip_build_finished=False, packages_select_test_failures=False, packages_skip_test_passed=False, packages_select=None, packages_skip=None, packages_select_regex=None, packages_skip_regex=None, packages_start=None, packages_end=None, allow_overriding=[], cmake_args=None, cmake_target=None, cmake_target_skip_unavailable=False, cmake_clean_cache=False, cmake_clean_first=False, cmake_force_configure=False, ament_cmake_args=None, catkin_cmake_args=None, catkin_skip_building_tests=False, mixin_files=None, mixin=None, verb_parser=<colcon_mixin.mixin.mixin_argument.MixinArgumentDecorator object at 0x7f8b3d1f36d0>, verb_extension=<colcon_core.verb.build.BuildVerb object at 0x7f8b3d37feb0>, main=<bound method BuildVerb.main of <colcon_core.verb.build.BuildVerb object at 0x7f8b3d37feb0>>, mixin_verb=('build',))
[0.654s] Level 1:colcon.colcon_core.package_discovery:discover_packages(colcon_meta) check parameters
[0.655s] Level 1:colcon.colcon_core.package_discovery:discover_packages(recursive) check parameters
[0.655s] Level 1:colcon.colcon_core.package_discovery:discover_packages(ignore) check parameters
[0.655s] Level 1:colcon.colcon_core.package_discovery:discover_packages(path) check parameters
[0.656s] Level 1:colcon.colcon_core.package_discovery:discover_packages(colcon_meta) discover
[0.656s] Level 1:colcon.colcon_core.package_discovery:discover_packages(recursive) discover
[0.657s] INFO:colcon.colcon_core.package_discovery:Crawling recursively for packages in '/mnt/c/Users/ljhay/p1_outdoor'
[0.659s] Level 1:colcon.colcon_core.package_identification:_identify(.) by extensions ['ignore', 'ignore_ament_install']
[0.659s] Level 1:colcon.colcon_core.package_identification:_identify(.) by extension 'ignore'
[0.660s] Level 1:colcon.colcon_core.package_identification:_identify(.) by extension 'ignore_ament_install'
[0.661s] Level 1:colcon.colcon_core.package_identification:_identify(.) by extensions ['colcon_pkg']
[0.661s] Level 1:colcon.colcon_core.package_identification:_identify(.) by extension 'colcon_pkg'
[0.661s] Level 1:colcon.colcon_core.package_identification:_identify(.) by extensions ['colcon_meta']
[0.662s] Level 1:colcon.colcon_core.package_identification:_identify(.) by extension 'colcon_meta'
[0.662s] Level 1:colcon.colcon_core.package_identification:_identify(.) by extensions ['ros']
[0.662s] Level 1:colcon.colcon_core.package_identification:_identify(.) by extension 'ros'
[0.676s] Level 1:colcon.colcon_core.package_identification:_identify(.) by extensions ['cmake', 'python']
[0.676s] Level 1:colcon.colcon_core.package_identification:_identify(.) by extension 'cmake'
[0.677s] Level 1:colcon.colcon_core.package_identification:_identify(.) by extension 'python'
[0.677s] Level 1:colcon.colcon_core.package_identification:_identify(.) by extensions ['python_setup_py']
[0.678s] Level 1:colcon.colcon_core.package_identification:_identify(.) by extension 'python_setup_py'
[0.680s] Level 1:colcon.colcon_core.package_identification:_identify(build) by extensions ['ignore', 'ignore_ament_install']
[0.681s] Level 1:colcon.colcon_core.package_identification:_identify(build) by extension 'ignore'
[0.682s] Level 1:colcon.colcon_core.package_identification:_identify(build) ignored
[0.685s] Level 1:colcon.colcon_core.package_identification:_identify(google_earth_parser) by extensions ['ignore', 'ignore_ament_install']
[0.686s] Level 1:colcon.colcon_core.package_identification:_identify(google_earth_parser) by extension 'ignore'
[0.687s] Level 1:colcon.colcon_core.package_identification:_identify(google_earth_parser) by extension 'ignore_ament_install'
[0.688s] Level 1:colcon.colcon_core.package_identification:_identify(google_earth_parser) by extensions ['colcon_pkg']
[0.689s] Level 1:colcon.colcon_core.package_identification:_identify(google_earth_parser) by extension 'colcon_pkg'
[0.690s] Level 1:colcon.colcon_core.package_identification:_identify(google_earth_parser) by extensions ['colcon_meta']
[0.690s] Level 1:colcon.colcon_core.package_identification:_identify(google_earth_parser) by extension 'colcon_meta'
[0.691s] Level 1:colcon.colcon_core.package_identification:_identify(google_earth_parser) by extensions ['ros']
[0.692s] Level 1:colcon.colcon_core.package_identification:_identify(google_earth_parser) by extension 'ros'
[0.695s] Level 1:colcon.colcon_core.package_identification:_identify(google_earth_parser) by extensions ['cmake', 'python']
[0.696s] Level 1:colcon.colcon_core.package_identification:_identify(google_earth_parser) by extension 'cmake'
[0.697s] Level 1:colcon.colcon_core.package_identification:_identify(google_earth_parser) by extension 'python'
[0.698s] Level 1:colcon.colcon_core.package_identification:_identify(google_earth_parser) by extensions ['python_setup_py']
[0.699s] Level 1:colcon.colcon_core.package_identification:_identify(google_earth_parser) by extension 'python_setup_py'
[0.703s] Level 1:colcon.colcon_core.package_identification:_identify(google_earth_parser/kml_input) by extensions ['ignore', 'ignore_ament_install']
[0.704s] Level 1:colcon.colcon_core.package_identification:_identify(google_earth_parser/kml_input) by extension 'ignore'
[0.705s] Level 1:colcon.colcon_core.package_identification:_identify(google_earth_parser/kml_input) by extension 'ignore_ament_install'
[0.708s] Level 1:colcon.colcon_core.package_identification:_identify(google_earth_parser/kml_input) by extensions ['colcon_pkg']
[0.708s] Level 1:colcon.colcon_core.package_identification:_identify(google_earth_parser/kml_input) by extension 'colcon_pkg'
[0.710s] Level 1:colcon.colcon_core.package_identification:_identify(google_earth_parser/kml_input) by extensions ['colcon_meta']
[0.710s] Level 1:colcon.colcon_core.package_identification:_identify(google_earth_parser/kml_input) by extension 'colcon_meta'
[0.712s] Level 1:colcon.colcon_core.package_identification:_identify(google_earth_parser/kml_input) by extensions ['ros']
[0.713s] Level 1:colcon.colcon_core.package_identification:_identify(google_earth_parser/kml_input) by extension 'ros'
[0.718s] Level 1:colcon.colcon_core.package_identification:_identify(google_earth_parser/kml_input) by extensions ['cmake', 'python']
[0.719s] Level 1:colcon.colcon_core.package_identification:_identify(google_earth_parser/kml_input) by extension 'cmake'
[0.720s] Level 1:colcon.colcon_core.package_identification:_identify(google_earth_parser/kml_input) by extension 'python'
[0.721s] Level 1:colcon.colcon_core.package_identification:_identify(google_earth_parser/kml_input) by extensions ['python_setup_py']
[0.722s] Level 1:colcon.colcon_core.package_identification:_identify(google_earth_parser/kml_input) by extension 'python_setup_py'
[0.727s] Level 1:colcon.colcon_core.package_identification:_identify(google_earth_parser/kml_output) by extensions ['ignore', 'ignore_ament_install']
[0.728s] Level 1:colcon.colcon_core.package_identification:_identify(google_earth_parser/kml_output) by extension 'ignore'
[0.729s] Level 1:colcon.colcon_core.package_identification:_identify(google_earth_parser/kml_output) by extension 'ignore_ament_install'
[0.731s] Level 1:colcon.colcon_core.package_identification:_identify(google_earth_parser/kml_output) by extensions ['colcon_pkg']
[0.732s] Level 1:colcon.colcon_core.package_identification:_identify(google_earth_parser/kml_output) by extension 'colcon_pkg'
[0.733s] Level 1:colcon.colcon_core.package_identification:_identify(google_earth_parser/kml_output) by extensions ['colcon_meta']
[0.734s] Level 1:colcon.colcon_core.package_identification:_identify(google_earth_parser/kml_output) by extension 'colcon_meta'
[0.736s] Level 1:colcon.colcon_core.package_identification:_identify(google_earth_parser/kml_output) by extensions ['ros']
[0.737s] Level 1:colcon.colcon_core.package_identification:_identify(google_earth_parser/kml_output) by extension 'ros'
[0.743s] Level 1:colcon.colcon_core.package_identification:_identify(google_earth_parser/kml_output) by extensions ['cmake', 'python']
[0.744s] Level 1:colcon.colcon_core.package_identification:_identify(google_earth_parser/kml_output) by extension 'cmake'
[0.745s] Level 1:colcon.colcon_core.package_identification:_identify(google_earth_parser/kml_output) by extension 'python'
[0.746s] Level 1:colcon.colcon_core.package_identification:_identify(google_earth_parser/kml_output) by extensions ['python_setup_py']
[0.747s] Level 1:colcon.colcon_core.package_identification:_identify(google_earth_parser/kml_output) by extension 'python_setup_py'
[0.752s] Level 1:colcon.colcon_core.package_identification:_identify(google_earth_parser/wbt_output) by extensions ['ignore', 'ignore_ament_install']
[0.753s] Level 1:colcon.colcon_core.package_identification:_identify(google_earth_parser/wbt_output) by extension 'ignore'
[0.754s] Level 1:colcon.colcon_core.package_identification:_identify(google_earth_parser/wbt_output) by extension 'ignore_ament_install'
[0.757s] Level 1:colcon.colcon_core.package_identification:_identify(google_earth_parser/wbt_output) by extensions ['colcon_pkg']
[0.757s] Level 1:colcon.colcon_core.package_identification:_identify(google_earth_parser/wbt_output) by extension 'colcon_pkg'
[0.759s] Level 1:colcon.colcon_core.package_identification:_identify(google_earth_parser/wbt_output) by extensions ['colcon_meta']
[0.759s] Level 1:colcon.colcon_core.package_identification:_identify(google_earth_parser/wbt_output) by extension 'colcon_meta'
[0.761s] Level 1:colcon.colcon_core.package_identification:_identify(google_earth_parser/wbt_output) by extensions ['ros']
[0.761s] Level 1:colcon.colcon_core.package_identification:_identify(google_earth_parser/wbt_output) by extension 'ros'
[0.766s] Level 1:colcon.colcon_core.package_identification:_identify(google_earth_parser/wbt_output) by extensions ['cmake', 'python']
[0.767s] Level 1:colcon.colcon_core.package_identification:_identify(google_earth_parser/wbt_output) by extension 'cmake'
[0.768s] Level 1:colcon.colcon_core.package_identification:_identify(google_earth_parser/wbt_output) by extension 'python'
[0.769s] Level 1:colcon.colcon_core.package_identification:_identify(google_earth_parser/wbt_output) by extensions ['python_setup_py']
[0.770s] Level 1:colcon.colcon_core.package_identification:_identify(google_earth_parser/wbt_output) by extension 'python_setup_py'
[0.774s] Level 1:colcon.colcon_core.package_identification:_identify(install) by extensions ['ignore', 'ignore_ament_install']
[0.774s] Level 1:colcon.colcon_core.package_identification:_identify(install) by extension 'ignore'
[0.776s] Level 1:colcon.colcon_core.package_identification:_identify(install) ignored
[0.780s] Level 1:colcon.colcon_core.package_identification:_identify(log) by extensions ['ignore', 'ignore_ament_install']
[0.781s] Level 1:colcon.colcon_core.package_identification:_identify(log) by extension 'ignore'
[0.782s] Level 1:colcon.colcon_core.package_identification:_identify(log) ignored
[0.784s] Level 1:colcon.colcon_core.package_identification:_identify(src) by extensions ['ignore', 'ignore_ament_install']
[0.785s] Level 1:colcon.colcon_core.package_identification:_identify(src) by extension 'ignore'
[0.785s] Level 1:colcon.colcon_core.package_identification:_identify(src) by extension 'ignore_ament_install'
[0.787s] Level 1:colcon.colcon_core.package_identification:_identify(src) by extensions ['colcon_pkg']
[0.787s] Level 1:colcon.colcon_core.package_identification:_identify(src) by extension 'colcon_pkg'
[0.788s] Level 1:colcon.colcon_core.package_identification:_identify(src) by extensions ['colcon_meta']
[0.788s] Level 1:colcon.colcon_core.package_identification:_identify(src) by extension 'colcon_meta'
[0.789s] Level 1:colcon.colcon_core.package_identification:_identify(src) by extensions ['ros']
[0.790s] Level 1:colcon.colcon_core.package_identification:_identify(src) by extension 'ros'
[0.793s] Level 1:colcon.colcon_core.package_identification:_identify(src) by extensions ['cmake', 'python']
[0.794s] Level 1:colcon.colcon_core.package_identification:_identify(src) by extension 'cmake'
[0.795s] Level 1:colcon.colcon_core.package_identification:_identify(src) by extension 'python'
[0.795s] Level 1:colcon.colcon_core.package_identification:_identify(src) by extensions ['python_setup_py']
[0.796s] Level 1:colcon.colcon_core.package_identification:_identify(src) by extension 'python_setup_py'
[0.800s] Level 1:colcon.colcon_core.package_identification:_identify(src/outdoor_simulation) by extensions ['ignore', 'ignore_ament_install']
[0.801s] Level 1:colcon.colcon_core.package_identification:_identify(src/outdoor_simulation) by extension 'ignore'
[0.802s] Level 1:colcon.colcon_core.package_identification:_identify(src/outdoor_simulation) by extension 'ignore_ament_install'
[0.805s] Level 1:colcon.colcon_core.package_identification:_identify(src/outdoor_simulation) by extensions ['colcon_pkg']
[0.805s] Level 1:colcon.colcon_core.package_identification:_identify(src/outdoor_simulation) by extension 'colcon_pkg'
[0.806s] Level 1:colcon.colcon_core.package_identification:_identify(src/outdoor_simulation) by extensions ['colcon_meta']
[0.807s] Level 1:colcon.colcon_core.package_identification:_identify(src/outdoor_simulation) by extension 'colcon_meta'
[0.809s] Level 1:colcon.colcon_core.package_identification:_identify(src/outdoor_simulation) by extensions ['ros']
[0.809s] Level 1:colcon.colcon_core.package_identification:_identify(src/outdoor_simulation) by extension 'ros'
[0.823s] DEBUG:colcon.colcon_core.package_identification:Package 'src/outdoor_simulation' with type 'ros.ament_python' and name 'outdoor_simulation'
[0.824s] Level 1:colcon.colcon_core.package_discovery:discover_packages(recursive) using defaults
[0.824s] Level 1:colcon.colcon_core.package_discovery:discover_packages(ignore) discover
[0.825s] Level 1:colcon.colcon_core.package_discovery:discover_packages(ignore) using defaults
[0.825s] Level 1:colcon.colcon_core.package_discovery:discover_packages(path) discover
[0.825s] Level 1:colcon.colcon_core.package_discovery:discover_packages(path) using defaults
[0.913s] Level 1:colcon.colcon_core.package_discovery:discover_packages(prefix_path) check parameters
[0.914s] Level 1:colcon.colcon_core.package_discovery:discover_packages(prefix_path) discover
[0.964s] DEBUG:colcon.colcon_installed_package_information.package_discovery:Found 1 installed packages in /mnt/c/Users/ljhay/p1_indoor/install
[0.965s] DEBUG:colcon.colcon_installed_package_information.package_discovery:Found 381 installed packages in /opt/ros/humble
[0.967s] Level 1:colcon.colcon_core.package_discovery:discover_packages(prefix_path) using defaults
[1.024s] Level 5:colcon.colcon_core.verb:set package 'outdoor_simulation' build argument 'cmake_args' from command line to 'None'
[1.024s] Level 5:colcon.colcon_core.verb:set package 'outdoor_simulation' build argument 'cmake_target' from command line to 'None'
[1.025s] Level 5:colcon.colcon_core.verb:set package 'outdoor_simulation' build argument 'cmake_target_skip_unavailable' from command line to 'False'
[1.025s] Level 5:colcon.colcon_core.verb:set package 'outdoor_simulation' build argument 'cmake_clean_cache' from command line to 'False'
[1.025s] Level 5:colcon.colcon_core.verb:set package 'outdoor_simulation' build argument 'cmake_clean_first' from command line to 'False'
[1.025s] Level 5:colcon.colcon_core.verb:set package 'outdoor_simulation' build argument 'cmake_force_configure' from command line to 'False'
[1.026s] Level 5:colcon.colcon_core.verb:set package 'outdoor_simulation' build argument 'ament_cmake_args' from command line to 'None'
[1.026s] Level 5:colcon.colcon_core.verb:set package 'outdoor_simulation' build argument 'catkin_cmake_args' from command line to 'None'
[1.026s] Level 5:colcon.colcon_core.verb:set package 'outdoor_simulation' build argument 'catkin_skip_building_tests' from command line to 'False'
[1.026s] DEBUG:colcon.colcon_core.verb:Building package 'outdoor_simulation' with the following arguments: {'ament_cmake_args': None, 'build_base': '/mnt/c/Users/ljhay/p1_outdoor/build/outdoor_simulation', 'catkin_cmake_args': None, 'catkin_skip_building_tests': False, 'cmake_args': None, 'cmake_clean_cache': False, 'cmake_clean_first': False, 'cmake_force_configure': False, 'cmake_target': None, 'cmake_target_skip_unavailable': False, 'install_base': '/mnt/c/Users/ljhay/p1_outdoor/install/outdoor_simulation', 'merge_install': False, 'path': '/mnt/c/Users/ljhay/p1_outdoor/src/outdoor_simulation', 'symlink_install': False, 'test_result_base': None}
[1.027s] INFO:colcon.colcon_core.executor:Executing jobs using 'parallel' executor
[1.028s] DEBUG:colcon.colcon_parallel_executor.executor.parallel:run_until_complete
[1.029s] INFO:colcon.colcon_ros.task.ament_python.build:Building ROS package in '/mnt/c/Users/ljhay/p1_outdoor/src/outdoor_simulation' with build type 'ament_python'
[1.029s] Level 1:colcon.colcon_core.shell:create_environment_hook('outdoor_simulation', 'ament_prefix_path')
[1.038s] INFO:colcon.colcon_core.plugin_system:Skipping extension 'colcon_core.shell.bat': Not used on non-Windows systems
[1.039s] INFO:colcon.colcon_core.shell:Creating environment hook '/mnt/c/Users/ljhay/p1_outdoor/install/outdoor_simulation/share/outdoor_simulation/hook/ament_prefix_path.ps1'
[1.054s] INFO:colcon.colcon_core.shell:Creating environment descriptor '/mnt/c/Users/ljhay/p1_outdoor/install/outdoor_simulation/share/outdoor_simulation/hook/ament_prefix_path.dsv'
[1.071s] INFO:colcon.colcon_core.shell:Creating environment hook '/mnt/c/Users/ljhay/p1_outdoor/install/outdoor_simulation/share/outdoor_simulation/hook/ament_prefix_path.sh'
[1.087s] INFO:colcon.colcon_core.shell:Skip shell extension 'powershell' for command environment: Not usable outside of PowerShell
[1.088s] DEBUG:colcon.colcon_core.shell:Skip shell extension 'dsv' for command environment
[2.138s] INFO:colcon.colcon_core.task.python.build:Building Python package in '/mnt/c/Users/ljhay/p1_outdoor/src/outdoor_simulation'
[2.139s] INFO:colcon.colcon_core.shell:Skip shell extension 'powershell' for command environment: Not usable outside of PowerShell
[2.140s] DEBUG:colcon.colcon_core.shell:Skip shell extension 'dsv' for command environment
[4.355s] DEBUG:colcon.colcon_core.event_handler.log_command:Invoking command in '/mnt/c/Users/ljhay/p1_outdoor/src/outdoor_simulation': PYTHONPATH=/mnt/c/Users/ljhay/p1_outdoor/build/outdoor_simulation/prefix_override:/usr/lib/python3/dist-packages/colcon_core/task/python/colcon_distutils_commands:/mnt/c/Users/ljhay/p1_outdoor/install/outdoor_simulation/lib/python3.10/site-packages:${PYTHONPATH} /usr/bin/python3 -W ignore:setup.py install is deprecated setup.py egg_info --egg-base ../../build/outdoor_simulation build --build-base /mnt/c/Users/ljhay/p1_outdoor/build/outdoor_simulation/build install --record /mnt/c/Users/ljhay/p1_outdoor/build/outdoor_simulation/install.log --single-version-externally-managed install_data
[6.947s] DEBUG:colcon.colcon_core.event_handler.log_command:Invoked command in '/mnt/c/Users/ljhay/p1_outdoor/src/outdoor_simulation' returned '0': PYTHONPATH=/mnt/c/Users/ljhay/p1_outdoor/build/outdoor_simulation/prefix_override:/usr/lib/python3/dist-packages/colcon_core/task/python/colcon_distutils_commands:/mnt/c/Users/ljhay/p1_outdoor/install/outdoor_simulation/lib/python3.10/site-packages:${PYTHONPATH} /usr/bin/python3 -W ignore:setup.py install is deprecated setup.py egg_info --egg-base ../../build/outdoor_simulation build --build-base /mnt/c/Users/ljhay/p1_outdoor/build/outdoor_simulation/build install --record /mnt/c/Users/ljhay/p1_outdoor/build/outdoor_simulation/install.log --single-version-externally-managed install_data
[6.957s] Level 1:colcon.colcon_core.environment:checking '/mnt/c/Users/ljhay/p1_outdoor/install/outdoor_simulation' for CMake module files
[7.039s] Level 1:colcon.colcon_core.environment:checking '/mnt/c/Users/ljhay/p1_outdoor/install/outdoor_simulation' for CMake config files
[7.159s] Level 1:colcon.colcon_core.environment:checking '/mnt/c/Users/ljhay/p1_outdoor/install/outdoor_simulation/lib'
[7.163s] Level 1:colcon.colcon_core.environment:checking '/mnt/c/Users/ljhay/p1_outdoor/install/outdoor_simulation/bin'
[7.165s] Level 1:colcon.colcon_core.environment:checking '/mnt/c/Users/ljhay/p1_outdoor/install/outdoor_simulation/lib/pkgconfig/outdoor_simulation.pc'
[7.168s] Level 1:colcon.colcon_core.environment:checking '/mnt/c/Users/ljhay/p1_outdoor/install/outdoor_simulation/lib/python3.10/site-packages'
[7.171s] Level 1:colcon.colcon_core.shell:create_environment_hook('outdoor_simulation', 'pythonpath')
[7.171s] INFO:colcon.colcon_core.shell:Creating environment hook '/mnt/c/Users/ljhay/p1_outdoor/install/outdoor_simulation/share/outdoor_simulation/hook/pythonpath.ps1'
[7.187s] INFO:colcon.colcon_core.shell:Creating environment descriptor '/mnt/c/Users/ljhay/p1_outdoor/install/outdoor_simulation/share/outdoor_simulation/hook/pythonpath.dsv'
[7.203s] INFO:colcon.colcon_core.shell:Creating environment hook '/mnt/c/Users/ljhay/p1_outdoor/install/outdoor_simulation/share/outdoor_simulation/hook/pythonpath.sh'
[7.219s] Level 1:colcon.colcon_core.environment:checking '/mnt/c/Users/ljhay/p1_outdoor/install/outdoor_simulation/bin'
[7.221s] Level 1:colcon.colcon_core.environment:create_environment_scripts_only(outdoor_simulation)
[7.222s] INFO:colcon.colcon_core.shell:Creating package script '/mnt/c/Users/ljhay/p1_outdoor/install/outdoor_simulation/share/outdoor_simulation/package.ps1'
[7.235s] INFO:colcon.colcon_core.shell:Creating package descriptor '/mnt/c/Users/ljhay/p1_outdoor/install/outdoor_simulation/share/outdoor_simulation/package.dsv'
[7.250s] INFO:colcon.colcon_core.shell:Creating package script '/mnt/c/Users/ljhay/p1_outdoor/install/outdoor_simulation/share/outdoor_simulation/package.sh'
[7.264s] INFO:colcon.colcon_core.shell:Creating package script '/mnt/c/Users/ljhay/p1_outdoor/install/outdoor_simulation/share/outdoor_simulation/package.bash'
[7.279s] INFO:colcon.colcon_core.shell:Creating package script '/mnt/c/Users/ljhay/p1_outdoor/install/outdoor_simulation/share/outdoor_simulation/package.zsh'
[7.297s] Level 1:colcon.colcon_core.environment:create_file_with_runtime_dependencies(/mnt/c/Users/ljhay/p1_outdoor/install/outdoor_simulation/share/colcon-core/packages/outdoor_simulation)
[7.312s] DEBUG:colcon.colcon_parallel_executor.executor.parallel:closing loop
[7.313s] DEBUG:colcon.colcon_parallel_executor.executor.parallel:loop closed
[7.313s] DEBUG:colcon.colcon_parallel_executor.executor.parallel:run_until_complete finished with '0'
[7.315s] DEBUG:colcon.colcon_core.event_reactor:joining thread
[7.368s] INFO:colcon.colcon_core.plugin_system:Skipping extension 'colcon_notification.desktop_notification.notify_send': Could not find 'notify-send'
[7.369s] INFO:colcon.colcon_core.plugin_system:Skipping extension 'colcon_notification.desktop_notification.terminal_notifier': Not used on non-Darwin systems
[7.370s] INFO:colcon.colcon_core.plugin_system:Skipping extension 'colcon_notification.desktop_notification.win32': Not used on non-Windows systems
[7.370s] INFO:colcon.colcon_notification.desktop_notification:Sending desktop notification using 'notify2'
[7.370s] DEBUG:colcon.colcon_notification.desktop_notification.notify2:Failed to initialize notify2: org.freedesktop.DBus.Error.FileNotFound: Failed to connect to socket /run/user/1000/bus: No such file or directory
[7.371s] DEBUG:colcon.colcon_core.event_reactor:joined thread
[7.372s] INFO:colcon.colcon_core.shell:Creating prefix script '/mnt/c/Users/ljhay/p1_outdoor/install/local_setup.ps1'
[7.382s] INFO:colcon.colcon_core.shell:Creating prefix util module '/mnt/c/Users/ljhay/p1_outdoor/install/_local_setup_util_ps1.py'
[7.392s] INFO:colcon.colcon_core.shell:Creating prefix chain script '/mnt/c/Users/ljhay/p1_outdoor/install/setup.ps1'
[7.417s] INFO:colcon.colcon_core.shell:Creating prefix script '/mnt/c/Users/ljhay/p1_outdoor/install/local_setup.sh'
[7.427s] INFO:colcon.colcon_core.shell:Creating prefix util module '/mnt/c/Users/ljhay/p1_outdoor/install/_local_setup_util_sh.py'
[7.438s] INFO:colcon.colcon_core.shell:Creating prefix chain script '/mnt/c/Users/ljhay/p1_outdoor/install/setup.sh'
[7.459s] INFO:colcon.colcon_core.shell:Creating prefix script '/mnt/c/Users/ljhay/p1_outdoor/install/local_setup.bash'
[7.467s] INFO:colcon.colcon_core.shell:Creating prefix chain script '/mnt/c/Users/ljhay/p1_outdoor/install/setup.bash'
[7.485s] INFO:colcon.colcon_core.shell:Creating prefix script '/mnt/c/Users/ljhay/p1_outdoor/install/local_setup.zsh'
[7.492s] INFO:colcon.colcon_core.shell:Creating prefix chain script '/mnt/c/Users/ljhay/p1_outdoor/install/setup.zsh'
