[0.535s] DEBUG:colcon:Command line arguments: ['/usr/bin/colcon', 'build']
[0.536s] DEBUG:colcon:Parsed command line arguments: Namespace(log_base=None, log_level=None, verb_name='build', build_base='build', install_base='install', merge_install=False, symlink_install=False, test_result_base=None, continue_on_error=False, executor='parallel', parallel_workers=8, event_handlers=None, ignore_user_meta=False, metas=['./colcon.meta'], base_paths=['.'], packages_ignore=None, packages_ignore_regex=None, paths=None, packages_up_to=None, packages_up_to_regex=None, packages_above=None, packages_above_and_dependencies=None, packages_above_depth=None, packages_select_by_dep=None, packages_skip_by_dep=None, packages_skip_up_to=None, packages_select_build_failed=False, packages_skip_build_finished=False, packages_select_test_failures=False, packages_skip_test_passed=False, packages_select=None, packages_skip=None, packages_select_regex=None, packages_skip_regex=None, packages_start=None, packages_end=None, allow_overriding=[], cmake_args=None, cmake_target=None, cmake_target_skip_unavailable=False, cmake_clean_cache=False, cmake_clean_first=False, cmake_force_configure=False, ament_cmake_args=None, catkin_cmake_args=None, catkin_skip_building_tests=False, mixin_files=None, mixin=None, verb_parser=<colcon_mixin.mixin.mixin_argument.MixinArgumentDecorator object at 0x7fcfc012f760>, verb_extension=<colcon_core.verb.build.BuildVerb object at 0x7fcfc02bbeb0>, main=<bound method BuildVerb.main of <colcon_core.verb.build.BuildVerb object at 0x7fcfc02bbeb0>>, mixin_verb=('build',))
[0.962s] Level 1:colcon.colcon_core.package_discovery:discover_packages(colcon_meta) check parameters
[0.963s] Level 1:colcon.colcon_core.package_discovery:discover_packages(recursive) check parameters
[0.964s] Level 1:colcon.colcon_core.package_discovery:discover_packages(ignore) check parameters
[0.964s] Level 1:colcon.colcon_core.package_discovery:discover_packages(path) check parameters
[0.964s] Level 1:colcon.colcon_core.package_discovery:discover_packages(colcon_meta) discover
[0.965s] Level 1:colcon.colcon_core.package_discovery:discover_packages(recursive) discover
[0.965s] INFO:colcon.colcon_core.package_discovery:Crawling recursively for packages in '/mnt/c/Users/ljhay/p1_outdoor'
[0.967s] Level 1:colcon.colcon_core.package_identification:_identify(.) by extensions ['ignore', 'ignore_ament_install']
[0.967s] Level 1:colcon.colcon_core.package_identification:_identify(.) by extension 'ignore'
[0.968s] Level 1:colcon.colcon_core.package_identification:_identify(.) by extension 'ignore_ament_install'
[0.969s] Level 1:colcon.colcon_core.package_identification:_identify(.) by extensions ['colcon_pkg']
[0.969s] Level 1:colcon.colcon_core.package_identification:_identify(.) by extension 'colcon_pkg'
[0.970s] Level 1:colcon.colcon_core.package_identification:_identify(.) by extensions ['colcon_meta']
[0.970s] Level 1:colcon.colcon_core.package_identification:_identify(.) by extension 'colcon_meta'
[0.970s] Level 1:colcon.colcon_core.package_identification:_identify(.) by extensions ['ros']
[0.970s] Level 1:colcon.colcon_core.package_identification:_identify(.) by extension 'ros'
[0.990s] Level 1:colcon.colcon_core.package_identification:_identify(.) by extensions ['cmake', 'python']
[0.990s] Level 1:colcon.colcon_core.package_identification:_identify(.) by extension 'cmake'
[0.991s] Level 1:colcon.colcon_core.package_identification:_identify(.) by extension 'python'
[0.992s] Level 1:colcon.colcon_core.package_identification:_identify(.) by extensions ['python_setup_py']
[0.993s] Level 1:colcon.colcon_core.package_identification:_identify(.) by extension 'python_setup_py'
[0.997s] Level 1:colcon.colcon_core.package_identification:_identify(build) by extensions ['ignore', 'ignore_ament_install']
[0.997s] Level 1:colcon.colcon_core.package_identification:_identify(build) by extension 'ignore'
[0.999s] Level 1:colcon.colcon_core.package_identification:_identify(build) ignored
[1.002s] Level 1:colcon.colcon_core.package_identification:_identify(google_earth_parser) by extensions ['ignore', 'ignore_ament_install']
[1.002s] Level 1:colcon.colcon_core.package_identification:_identify(google_earth_parser) by extension 'ignore'
[1.003s] Level 1:colcon.colcon_core.package_identification:_identify(google_earth_parser) by extension 'ignore_ament_install'
[1.005s] Level 1:colcon.colcon_core.package_identification:_identify(google_earth_parser) by extensions ['colcon_pkg']
[1.006s] Level 1:colcon.colcon_core.package_identification:_identify(google_earth_parser) by extension 'colcon_pkg'
[1.007s] Level 1:colcon.colcon_core.package_identification:_identify(google_earth_parser) by extensions ['colcon_meta']
[1.008s] Level 1:colcon.colcon_core.package_identification:_identify(google_earth_parser) by extension 'colcon_meta'
[1.009s] Level 1:colcon.colcon_core.package_identification:_identify(google_earth_parser) by extensions ['ros']
[1.010s] Level 1:colcon.colcon_core.package_identification:_identify(google_earth_parser) by extension 'ros'
[1.014s] Level 1:colcon.colcon_core.package_identification:_identify(google_earth_parser) by extensions ['cmake', 'python']
[1.014s] Level 1:colcon.colcon_core.package_identification:_identify(google_earth_parser) by extension 'cmake'
[1.015s] Level 1:colcon.colcon_core.package_identification:_identify(google_earth_parser) by extension 'python'
[1.016s] Level 1:colcon.colcon_core.package_identification:_identify(google_earth_parser) by extensions ['python_setup_py']
[1.016s] Level 1:colcon.colcon_core.package_identification:_identify(google_earth_parser) by extension 'python_setup_py'
[1.022s] Level 1:colcon.colcon_core.package_identification:_identify(google_earth_parser/kml_input) by extensions ['ignore', 'ignore_ament_install']
[1.023s] Level 1:colcon.colcon_core.package_identification:_identify(google_earth_parser/kml_input) by extension 'ignore'
[1.025s] Level 1:colcon.colcon_core.package_identification:_identify(google_earth_parser/kml_input) by extension 'ignore_ament_install'
[1.029s] Level 1:colcon.colcon_core.package_identification:_identify(google_earth_parser/kml_input) by extensions ['colcon_pkg']
[1.029s] Level 1:colcon.colcon_core.package_identification:_identify(google_earth_parser/kml_input) by extension 'colcon_pkg'
[1.031s] Level 1:colcon.colcon_core.package_identification:_identify(google_earth_parser/kml_input) by extensions ['colcon_meta']
[1.031s] Level 1:colcon.colcon_core.package_identification:_identify(google_earth_parser/kml_input) by extension 'colcon_meta'
[1.033s] Level 1:colcon.colcon_core.package_identification:_identify(google_earth_parser/kml_input) by extensions ['ros']
[1.034s] Level 1:colcon.colcon_core.package_identification:_identify(google_earth_parser/kml_input) by extension 'ros'
[1.040s] Level 1:colcon.colcon_core.package_identification:_identify(google_earth_parser/kml_input) by extensions ['cmake', 'python']
[1.041s] Level 1:colcon.colcon_core.package_identification:_identify(google_earth_parser/kml_input) by extension 'cmake'
[1.044s] Level 1:colcon.colcon_core.package_identification:_identify(google_earth_parser/kml_input) by extension 'python'
[1.046s] Level 1:colcon.colcon_core.package_identification:_identify(google_earth_parser/kml_input) by extensions ['python_setup_py']
[1.046s] Level 1:colcon.colcon_core.package_identification:_identify(google_earth_parser/kml_input) by extension 'python_setup_py'
[1.052s] Level 1:colcon.colcon_core.package_identification:_identify(google_earth_parser/kml_output) by extensions ['ignore', 'ignore_ament_install']
[1.052s] Level 1:colcon.colcon_core.package_identification:_identify(google_earth_parser/kml_output) by extension 'ignore'
[1.054s] Level 1:colcon.colcon_core.package_identification:_identify(google_earth_parser/kml_output) by extension 'ignore_ament_install'
[1.058s] Level 1:colcon.colcon_core.package_identification:_identify(google_earth_parser/kml_output) by extensions ['colcon_pkg']
[1.058s] Level 1:colcon.colcon_core.package_identification:_identify(google_earth_parser/kml_output) by extension 'colcon_pkg'
[1.061s] Level 1:colcon.colcon_core.package_identification:_identify(google_earth_parser/kml_output) by extensions ['colcon_meta']
[1.061s] Level 1:colcon.colcon_core.package_identification:_identify(google_earth_parser/kml_output) by extension 'colcon_meta'
[1.064s] Level 1:colcon.colcon_core.package_identification:_identify(google_earth_parser/kml_output) by extensions ['ros']
[1.065s] Level 1:colcon.colcon_core.package_identification:_identify(google_earth_parser/kml_output) by extension 'ros'
[1.071s] Level 1:colcon.colcon_core.package_identification:_identify(google_earth_parser/kml_output) by extensions ['cmake', 'python']
[1.071s] Level 1:colcon.colcon_core.package_identification:_identify(google_earth_parser/kml_output) by extension 'cmake'
[1.073s] Level 1:colcon.colcon_core.package_identification:_identify(google_earth_parser/kml_output) by extension 'python'
[1.075s] Level 1:colcon.colcon_core.package_identification:_identify(google_earth_parser/kml_output) by extensions ['python_setup_py']
[1.076s] Level 1:colcon.colcon_core.package_identification:_identify(google_earth_parser/kml_output) by extension 'python_setup_py'
[1.082s] Level 1:colcon.colcon_core.package_identification:_identify(google_earth_parser/wbt_output) by extensions ['ignore', 'ignore_ament_install']
[1.083s] Level 1:colcon.colcon_core.package_identification:_identify(google_earth_parser/wbt_output) by extension 'ignore'
[1.084s] Level 1:colcon.colcon_core.package_identification:_identify(google_earth_parser/wbt_output) by extension 'ignore_ament_install'
[1.087s] Level 1:colcon.colcon_core.package_identification:_identify(google_earth_parser/wbt_output) by extensions ['colcon_pkg']
[1.087s] Level 1:colcon.colcon_core.package_identification:_identify(google_earth_parser/wbt_output) by extension 'colcon_pkg'
[1.089s] Level 1:colcon.colcon_core.package_identification:_identify(google_earth_parser/wbt_output) by extensions ['colcon_meta']
[1.090s] Level 1:colcon.colcon_core.package_identification:_identify(google_earth_parser/wbt_output) by extension 'colcon_meta'
[1.093s] Level 1:colcon.colcon_core.package_identification:_identify(google_earth_parser/wbt_output) by extensions ['ros']
[1.094s] Level 1:colcon.colcon_core.package_identification:_identify(google_earth_parser/wbt_output) by extension 'ros'
[1.100s] Level 1:colcon.colcon_core.package_identification:_identify(google_earth_parser/wbt_output) by extensions ['cmake', 'python']
[1.100s] Level 1:colcon.colcon_core.package_identification:_identify(google_earth_parser/wbt_output) by extension 'cmake'
[1.101s] Level 1:colcon.colcon_core.package_identification:_identify(google_earth_parser/wbt_output) by extension 'python'
[1.103s] Level 1:colcon.colcon_core.package_identification:_identify(google_earth_parser/wbt_output) by extensions ['python_setup_py']
[1.103s] Level 1:colcon.colcon_core.package_identification:_identify(google_earth_parser/wbt_output) by extension 'python_setup_py'
[1.108s] Level 1:colcon.colcon_core.package_identification:_identify(install) by extensions ['ignore', 'ignore_ament_install']
[1.108s] Level 1:colcon.colcon_core.package_identification:_identify(install) by extension 'ignore'
[1.110s] Level 1:colcon.colcon_core.package_identification:_identify(install) ignored
[1.115s] Level 1:colcon.colcon_core.package_identification:_identify(log) by extensions ['ignore', 'ignore_ament_install']
[1.115s] Level 1:colcon.colcon_core.package_identification:_identify(log) by extension 'ignore'
[1.116s] Level 1:colcon.colcon_core.package_identification:_identify(log) ignored
[1.119s] Level 1:colcon.colcon_core.package_identification:_identify(src) by extensions ['ignore', 'ignore_ament_install']
[1.119s] Level 1:colcon.colcon_core.package_identification:_identify(src) by extension 'ignore'
[1.120s] Level 1:colcon.colcon_core.package_identification:_identify(src) by extension 'ignore_ament_install'
[1.122s] Level 1:colcon.colcon_core.package_identification:_identify(src) by extensions ['colcon_pkg']
[1.122s] Level 1:colcon.colcon_core.package_identification:_identify(src) by extension 'colcon_pkg'
[1.124s] Level 1:colcon.colcon_core.package_identification:_identify(src) by extensions ['colcon_meta']
[1.124s] Level 1:colcon.colcon_core.package_identification:_identify(src) by extension 'colcon_meta'
[1.126s] Level 1:colcon.colcon_core.package_identification:_identify(src) by extensions ['ros']
[1.126s] Level 1:colcon.colcon_core.package_identification:_identify(src) by extension 'ros'
[1.130s] Level 1:colcon.colcon_core.package_identification:_identify(src) by extensions ['cmake', 'python']
[1.130s] Level 1:colcon.colcon_core.package_identification:_identify(src) by extension 'cmake'
[1.131s] Level 1:colcon.colcon_core.package_identification:_identify(src) by extension 'python'
[1.132s] Level 1:colcon.colcon_core.package_identification:_identify(src) by extensions ['python_setup_py']
[1.132s] Level 1:colcon.colcon_core.package_identification:_identify(src) by extension 'python_setup_py'
[1.138s] Level 1:colcon.colcon_core.package_identification:_identify(src/outdoor_simulation) by extensions ['ignore', 'ignore_ament_install']
[1.138s] Level 1:colcon.colcon_core.package_identification:_identify(src/outdoor_simulation) by extension 'ignore'
[1.140s] Level 1:colcon.colcon_core.package_identification:_identify(src/outdoor_simulation) by extension 'ignore_ament_install'
[1.143s] Level 1:colcon.colcon_core.package_identification:_identify(src/outdoor_simulation) by extensions ['colcon_pkg']
[1.144s] Level 1:colcon.colcon_core.package_identification:_identify(src/outdoor_simulation) by extension 'colcon_pkg'
[1.145s] Level 1:colcon.colcon_core.package_identification:_identify(src/outdoor_simulation) by extensions ['colcon_meta']
[1.146s] Level 1:colcon.colcon_core.package_identification:_identify(src/outdoor_simulation) by extension 'colcon_meta'
[1.148s] Level 1:colcon.colcon_core.package_identification:_identify(src/outdoor_simulation) by extensions ['ros']
[1.148s] Level 1:colcon.colcon_core.package_identification:_identify(src/outdoor_simulation) by extension 'ros'
[1.166s] DEBUG:colcon.colcon_core.package_identification:Package 'src/outdoor_simulation' with type 'ros.ament_python' and name 'outdoor_simulation'
[1.166s] Level 1:colcon.colcon_core.package_discovery:discover_packages(recursive) using defaults
[1.167s] Level 1:colcon.colcon_core.package_discovery:discover_packages(ignore) discover
[1.167s] Level 1:colcon.colcon_core.package_discovery:discover_packages(ignore) using defaults
[1.167s] Level 1:colcon.colcon_core.package_discovery:discover_packages(path) discover
[1.168s] Level 1:colcon.colcon_core.package_discovery:discover_packages(path) using defaults
[1.306s] Level 1:colcon.colcon_core.package_discovery:discover_packages(prefix_path) check parameters
[1.306s] Level 1:colcon.colcon_core.package_discovery:discover_packages(prefix_path) discover
[1.356s] DEBUG:colcon.colcon_installed_package_information.package_discovery:Found 1 installed packages in /mnt/c/Users/ljhay/p1_outdoor/install
[1.395s] DEBUG:colcon.colcon_installed_package_information.package_discovery:Found 1 installed packages in /mnt/c/Users/ljhay/p1_indoor/install
[1.396s] DEBUG:colcon.colcon_installed_package_information.package_discovery:Found 381 installed packages in /opt/ros/humble
[1.398s] Level 1:colcon.colcon_core.package_discovery:discover_packages(prefix_path) using defaults
[1.502s] Level 5:colcon.colcon_core.verb:set package 'outdoor_simulation' build argument 'cmake_args' from command line to 'None'
[1.502s] Level 5:colcon.colcon_core.verb:set package 'outdoor_simulation' build argument 'cmake_target' from command line to 'None'
[1.502s] Level 5:colcon.colcon_core.verb:set package 'outdoor_simulation' build argument 'cmake_target_skip_unavailable' from command line to 'False'
[1.503s] Level 5:colcon.colcon_core.verb:set package 'outdoor_simulation' build argument 'cmake_clean_cache' from command line to 'False'
[1.503s] Level 5:colcon.colcon_core.verb:set package 'outdoor_simulation' build argument 'cmake_clean_first' from command line to 'False'
[1.503s] Level 5:colcon.colcon_core.verb:set package 'outdoor_simulation' build argument 'cmake_force_configure' from command line to 'False'
[1.504s] Level 5:colcon.colcon_core.verb:set package 'outdoor_simulation' build argument 'ament_cmake_args' from command line to 'None'
[1.504s] Level 5:colcon.colcon_core.verb:set package 'outdoor_simulation' build argument 'catkin_cmake_args' from command line to 'None'
[1.504s] Level 5:colcon.colcon_core.verb:set package 'outdoor_simulation' build argument 'catkin_skip_building_tests' from command line to 'False'
[1.505s] DEBUG:colcon.colcon_core.verb:Building package 'outdoor_simulation' with the following arguments: {'ament_cmake_args': None, 'build_base': '/mnt/c/Users/ljhay/p1_outdoor/build/outdoor_simulation', 'catkin_cmake_args': None, 'catkin_skip_building_tests': False, 'cmake_args': None, 'cmake_clean_cache': False, 'cmake_clean_first': False, 'cmake_force_configure': False, 'cmake_target': None, 'cmake_target_skip_unavailable': False, 'install_base': '/mnt/c/Users/ljhay/p1_outdoor/install/outdoor_simulation', 'merge_install': False, 'path': '/mnt/c/Users/ljhay/p1_outdoor/src/outdoor_simulation', 'symlink_install': False, 'test_result_base': None}
[1.505s] INFO:colcon.colcon_core.executor:Executing jobs using 'parallel' executor
[1.507s] DEBUG:colcon.colcon_parallel_executor.executor.parallel:run_until_complete
[1.508s] INFO:colcon.colcon_ros.task.ament_python.build:Building ROS package in '/mnt/c/Users/ljhay/p1_outdoor/src/outdoor_simulation' with build type 'ament_python'
[1.509s] Level 1:colcon.colcon_core.shell:create_environment_hook('outdoor_simulation', 'ament_prefix_path')
[1.526s] INFO:colcon.colcon_core.plugin_system:Skipping extension 'colcon_core.shell.bat': Not used on non-Windows systems
[1.527s] INFO:colcon.colcon_core.shell:Creating environment hook '/mnt/c/Users/ljhay/p1_outdoor/install/outdoor_simulation/share/outdoor_simulation/hook/ament_prefix_path.ps1'
[1.545s] INFO:colcon.colcon_core.shell:Creating environment descriptor '/mnt/c/Users/ljhay/p1_outdoor/install/outdoor_simulation/share/outdoor_simulation/hook/ament_prefix_path.dsv'
[1.564s] INFO:colcon.colcon_core.shell:Creating environment hook '/mnt/c/Users/ljhay/p1_outdoor/install/outdoor_simulation/share/outdoor_simulation/hook/ament_prefix_path.sh'
[1.586s] INFO:colcon.colcon_core.shell:Skip shell extension 'powershell' for command environment: Not usable outside of PowerShell
[1.587s] DEBUG:colcon.colcon_core.shell:Skip shell extension 'dsv' for command environment
[3.095s] INFO:colcon.colcon_core.task.python.build:Building Python package in '/mnt/c/Users/ljhay/p1_outdoor/src/outdoor_simulation'
[3.095s] INFO:colcon.colcon_core.shell:Skip shell extension 'powershell' for command environment: Not usable outside of PowerShell
[3.096s] DEBUG:colcon.colcon_core.shell:Skip shell extension 'dsv' for command environment
[5.148s] DEBUG:colcon.colcon_core.event_handler.log_command:Invoking command in '/mnt/c/Users/ljhay/p1_outdoor/src/outdoor_simulation': PYTHONPATH=/mnt/c/Users/ljhay/p1_outdoor/build/outdoor_simulation/prefix_override:/usr/lib/python3/dist-packages/colcon_core/task/python/colcon_distutils_commands:/mnt/c/Users/ljhay/p1_outdoor/install/outdoor_simulation/lib/python3.10/site-packages:${PYTHONPATH} /usr/bin/python3 -W ignore:setup.py install is deprecated setup.py egg_info --egg-base ../../build/outdoor_simulation build --build-base /mnt/c/Users/ljhay/p1_outdoor/build/outdoor_simulation/build install --record /mnt/c/Users/ljhay/p1_outdoor/build/outdoor_simulation/install.log --single-version-externally-managed install_data
[7.514s] DEBUG:colcon.colcon_core.event_handler.log_command:Invoked command in '/mnt/c/Users/ljhay/p1_outdoor/src/outdoor_simulation' returned '0': PYTHONPATH=/mnt/c/Users/ljhay/p1_outdoor/build/outdoor_simulation/prefix_override:/usr/lib/python3/dist-packages/colcon_core/task/python/colcon_distutils_commands:/mnt/c/Users/ljhay/p1_outdoor/install/outdoor_simulation/lib/python3.10/site-packages:${PYTHONPATH} /usr/bin/python3 -W ignore:setup.py install is deprecated setup.py egg_info --egg-base ../../build/outdoor_simulation build --build-base /mnt/c/Users/ljhay/p1_outdoor/build/outdoor_simulation/build install --record /mnt/c/Users/ljhay/p1_outdoor/build/outdoor_simulation/install.log --single-version-externally-managed install_data
[7.532s] Level 1:colcon.colcon_core.environment:checking '/mnt/c/Users/ljhay/p1_outdoor/install/outdoor_simulation' for CMake module files
[7.596s] Level 1:colcon.colcon_core.environment:checking '/mnt/c/Users/ljhay/p1_outdoor/install/outdoor_simulation' for CMake config files
[7.718s] Level 1:colcon.colcon_core.environment:checking '/mnt/c/Users/ljhay/p1_outdoor/install/outdoor_simulation/lib'
[7.723s] Level 1:colcon.colcon_core.environment:checking '/mnt/c/Users/ljhay/p1_outdoor/install/outdoor_simulation/bin'
[7.724s] Level 1:colcon.colcon_core.environment:checking '/mnt/c/Users/ljhay/p1_outdoor/install/outdoor_simulation/lib/pkgconfig/outdoor_simulation.pc'
[7.727s] Level 1:colcon.colcon_core.environment:checking '/mnt/c/Users/ljhay/p1_outdoor/install/outdoor_simulation/lib/python3.10/site-packages'
[7.730s] Level 1:colcon.colcon_core.shell:create_environment_hook('outdoor_simulation', 'pythonpath')
[7.731s] INFO:colcon.colcon_core.shell:Creating environment hook '/mnt/c/Users/ljhay/p1_outdoor/install/outdoor_simulation/share/outdoor_simulation/hook/pythonpath.ps1'
[7.746s] INFO:colcon.colcon_core.shell:Creating environment descriptor '/mnt/c/Users/ljhay/p1_outdoor/install/outdoor_simulation/share/outdoor_simulation/hook/pythonpath.dsv'
[7.764s] INFO:colcon.colcon_core.shell:Creating environment hook '/mnt/c/Users/ljhay/p1_outdoor/install/outdoor_simulation/share/outdoor_simulation/hook/pythonpath.sh'
[7.783s] Level 1:colcon.colcon_core.environment:checking '/mnt/c/Users/ljhay/p1_outdoor/install/outdoor_simulation/bin'
[7.785s] Level 1:colcon.colcon_core.environment:create_environment_scripts_only(outdoor_simulation)
[7.786s] INFO:colcon.colcon_core.shell:Creating package script '/mnt/c/Users/ljhay/p1_outdoor/install/outdoor_simulation/share/outdoor_simulation/package.ps1'
[7.803s] INFO:colcon.colcon_core.shell:Creating package descriptor '/mnt/c/Users/ljhay/p1_outdoor/install/outdoor_simulation/share/outdoor_simulation/package.dsv'
[7.819s] INFO:colcon.colcon_core.shell:Creating package script '/mnt/c/Users/ljhay/p1_outdoor/install/outdoor_simulation/share/outdoor_simulation/package.sh'
[7.836s] INFO:colcon.colcon_core.shell:Creating package script '/mnt/c/Users/ljhay/p1_outdoor/install/outdoor_simulation/share/outdoor_simulation/package.bash'
[7.858s] INFO:colcon.colcon_core.shell:Creating package script '/mnt/c/Users/ljhay/p1_outdoor/install/outdoor_simulation/share/outdoor_simulation/package.zsh'
[7.877s] Level 1:colcon.colcon_core.environment:create_file_with_runtime_dependencies(/mnt/c/Users/ljhay/p1_outdoor/install/outdoor_simulation/share/colcon-core/packages/outdoor_simulation)
[7.891s] DEBUG:colcon.colcon_parallel_executor.executor.parallel:closing loop
[7.892s] DEBUG:colcon.colcon_parallel_executor.executor.parallel:loop closed
[7.892s] DEBUG:colcon.colcon_parallel_executor.executor.parallel:run_until_complete finished with '0'
[7.893s] DEBUG:colcon.colcon_core.event_reactor:joining thread
[7.955s] INFO:colcon.colcon_core.plugin_system:Skipping extension 'colcon_notification.desktop_notification.notify_send': Could not find 'notify-send'
[7.955s] INFO:colcon.colcon_core.plugin_system:Skipping extension 'colcon_notification.desktop_notification.terminal_notifier': Not used on non-Darwin systems
[7.956s] INFO:colcon.colcon_core.plugin_system:Skipping extension 'colcon_notification.desktop_notification.win32': Not used on non-Windows systems
[7.956s] INFO:colcon.colcon_notification.desktop_notification:Sending desktop notification using 'notify2'
[7.957s] DEBUG:colcon.colcon_notification.desktop_notification.notify2:Failed to initialize notify2: org.freedesktop.DBus.Error.FileNotFound: Failed to connect to socket /run/user/1000/bus: No such file or directory
[7.957s] DEBUG:colcon.colcon_core.event_reactor:joined thread
[7.958s] INFO:colcon.colcon_core.shell:Creating prefix script '/mnt/c/Users/ljhay/p1_outdoor/install/local_setup.ps1'
[7.968s] INFO:colcon.colcon_core.shell:Creating prefix util module '/mnt/c/Users/ljhay/p1_outdoor/install/_local_setup_util_ps1.py'
[7.977s] INFO:colcon.colcon_core.shell:Creating prefix chain script '/mnt/c/Users/ljhay/p1_outdoor/install/setup.ps1'
[8.010s] INFO:colcon.colcon_core.shell:Creating prefix script '/mnt/c/Users/ljhay/p1_outdoor/install/local_setup.sh'
[8.018s] INFO:colcon.colcon_core.shell:Creating prefix util module '/mnt/c/Users/ljhay/p1_outdoor/install/_local_setup_util_sh.py'
[8.026s] INFO:colcon.colcon_core.shell:Creating prefix chain script '/mnt/c/Users/ljhay/p1_outdoor/install/setup.sh'
[8.054s] INFO:colcon.colcon_core.shell:Creating prefix script '/mnt/c/Users/ljhay/p1_outdoor/install/local_setup.bash'
[8.061s] INFO:colcon.colcon_core.shell:Creating prefix chain script '/mnt/c/Users/ljhay/p1_outdoor/install/setup.bash'
[8.088s] INFO:colcon.colcon_core.shell:Creating prefix script '/mnt/c/Users/ljhay/p1_outdoor/install/local_setup.zsh'
[8.097s] INFO:colcon.colcon_core.shell:Creating prefix chain script '/mnt/c/Users/ljhay/p1_outdoor/install/setup.zsh'
