[3.636s] Invoking command in '/mnt/c/Users/ljhay/p1_outdoor/src/outdoor_simulation': PYTHONPATH=/mnt/c/Users/ljhay/p1_outdoor/build/outdoor_simulation/prefix_override:/usr/lib/python3/dist-packages/colcon_core/task/python/colcon_distutils_commands:/mnt/c/Users/ljhay/p1_outdoor/install/outdoor_simulation/lib/python3.10/site-packages:${PYTHONPATH} /usr/bin/python3 -W ignore:setup.py install is deprecated setup.py egg_info --egg-base ../../build/outdoor_simulation build --build-base /mnt/c/Users/ljhay/p1_outdoor/build/outdoor_simulation/build install --record /mnt/c/Users/ljhay/p1_outdoor/build/outdoor_simulation/install.log --single-version-externally-managed install_data
[4.977s] running egg_info
[4.985s] writing ../../build/outdoor_simulation/outdoor_simulation.egg-info/PKG-INFO
[4.995s] writing dependency_links to ../../build/outdoor_simulation/outdoor_simulation.egg-info/dependency_links.txt
[5.006s] writing entry points to ../../build/outdoor_simulation/outdoor_simulation.egg-info/entry_points.txt
[5.012s] writing requirements to ../../build/outdoor_simulation/outdoor_simulation.egg-info/requires.txt
[5.017s] writing top-level names to ../../build/outdoor_simulation/outdoor_simulation.egg-info/top_level.txt
[5.075s] reading manifest file '../../build/outdoor_simulation/outdoor_simulation.egg-info/SOURCES.txt'
[5.152s] writing manifest file '../../build/outdoor_simulation/outdoor_simulation.egg-info/SOURCES.txt'
[5.155s] running build
[5.156s] running build_py
[5.196s] running install
[5.197s] running install_lib
[5.294s] running install_data
[5.322s] copying launch/outdoor_simulation_launch.py -> /mnt/c/Users/ljhay/p1_outdoor/install/outdoor_simulation/share/outdoor_simulation/launch
[5.360s] running install_egg_info
[5.377s] removing '/mnt/c/Users/ljhay/p1_outdoor/install/outdoor_simulation/lib/python3.10/site-packages/outdoor_simulation-0.0.0-py3.10.egg-info' (and everything under it)
[5.453s] Copying ../../build/outdoor_simulation/outdoor_simulation.egg-info to /mnt/c/Users/ljhay/p1_outdoor/install/outdoor_simulation/lib/python3.10/site-packages/outdoor_simulation-0.0.0-py3.10.egg-info
[5.810s] running install_scripts
[5.936s] Installing outdoor_simulation script to /mnt/c/Users/ljhay/p1_outdoor/install/outdoor_simulation/lib/outdoor_simulation
[5.955s] writing list of installed files to '/mnt/c/Users/ljhay/p1_outdoor/build/outdoor_simulation/install.log'
[6.002s] Invoked command in '/mnt/c/Users/ljhay/p1_outdoor/src/outdoor_simulation' returned '0': PYTHONPATH=/mnt/c/Users/ljhay/p1_outdoor/build/outdoor_simulation/prefix_override:/usr/lib/python3/dist-packages/colcon_core/task/python/colcon_distutils_commands:/mnt/c/Users/ljhay/p1_outdoor/install/outdoor_simulation/lib/python3.10/site-packages:${PYTHONPATH} /usr/bin/python3 -W ignore:setup.py install is deprecated setup.py egg_info --egg-base ../../build/outdoor_simulation build --build-base /mnt/c/Users/ljhay/p1_outdoor/build/outdoor_simulation/build install --record /mnt/c/Users/ljhay/p1_outdoor/build/outdoor_simulation/install.log --single-version-externally-managed install_data
