running egg_info
writing ../../build/outdoor_simulation/outdoor_simulation.egg-info/PKG-INFO
writing dependency_links to ../../build/outdoor_simulation/outdoor_simulation.egg-info/dependency_links.txt
writing entry points to ../../build/outdoor_simulation/outdoor_simulation.egg-info/entry_points.txt
writing requirements to ../../build/outdoor_simulation/outdoor_simulation.egg-info/requires.txt
writing top-level names to ../../build/outdoor_simulation/outdoor_simulation.egg-info/top_level.txt
reading manifest file '../../build/outdoor_simulation/outdoor_simulation.egg-info/SOURCES.txt'
writing manifest file '../../build/outdoor_simulation/outdoor_simulation.egg-info/SOURCES.txt'
running build
running build_py
running install
running install_lib
running install_data
copying worlds/outdoor.wbt -> /mnt/c/Users/ljhay/p1_outdoor/install/outdoor_simulation/share/outdoor_simulation/worlds
running install_egg_info
removing '/mnt/c/Users/ljhay/p1_outdoor/install/outdoor_simulation/lib/python3.10/site-packages/outdoor_simulation-0.0.0-py3.10.egg-info' (and everything under it)
Copying ../../build/outdoor_simulation/outdoor_simulation.egg-info to /mnt/c/Users/ljhay/p1_outdoor/install/outdoor_simulation/lib/python3.10/site-packages/outdoor_simulation-0.0.0-py3.10.egg-info
running install_scripts
Installing outdoor_simulation script to /mnt/c/Users/ljhay/p1_outdoor/install/outdoor_simulation/lib/outdoor_simulation
writing list of installed files to '/mnt/c/Users/ljhay/p1_outdoor/build/outdoor_simulation/install.log'
