[3.323s] Invoking command in '/mnt/c/Users/ljhay/p1_outdoor/src/outdoor_simulation': PYTHONPATH=/mnt/c/Users/ljhay/p1_outdoor/build/outdoor_simulation/prefix_override:/usr/lib/python3/dist-packages/colcon_core/task/python/colcon_distutils_commands:/mnt/c/Users/ljhay/p1_outdoor/install/outdoor_simulation/lib/python3.10/site-packages:${PYTHONPATH} /usr/bin/python3 -W ignore:setup.py install is deprecated setup.py egg_info --egg-base ../../build/outdoor_simulation build --build-base /mnt/c/Users/ljhay/p1_outdoor/build/outdoor_simulation/build install --record /mnt/c/Users/ljhay/p1_outdoor/build/outdoor_simulation/install.log --single-version-externally-managed install_data
[4.805s] running egg_info
[4.813s] writing ../../build/outdoor_simulation/outdoor_simulation.egg-info/PKG-INFO
[4.821s] writing dependency_links to ../../build/outdoor_simulation/outdoor_simulation.egg-info/dependency_links.txt
[4.832s] writing entry points to ../../build/outdoor_simulation/outdoor_simulation.egg-info/entry_points.txt
[4.838s] writing requirements to ../../build/outdoor_simulation/outdoor_simulation.egg-info/requires.txt
[4.843s] writing top-level names to ../../build/outdoor_simulation/outdoor_simulation.egg-info/top_level.txt
[4.902s] reading manifest file '../../build/outdoor_simulation/outdoor_simulation.egg-info/SOURCES.txt'
[4.996s] writing manifest file '../../build/outdoor_simulation/outdoor_simulation.egg-info/SOURCES.txt'
[5.001s] running build
[5.002s] running build_py
[5.034s] running install
[5.036s] running install_lib
[5.154s] running install_data
[5.209s] copying worlds/outdoor.wbt -> /mnt/c/Users/ljhay/p1_outdoor/install/outdoor_simulation/share/outdoor_simulation/worlds
[5.301s] running install_egg_info
[5.322s] removing '/mnt/c/Users/ljhay/p1_outdoor/install/outdoor_simulation/lib/python3.10/site-packages/outdoor_simulation-0.0.0-py3.10.egg-info' (and everything under it)
[5.410s] Copying ../../build/outdoor_simulation/outdoor_simulation.egg-info to /mnt/c/Users/ljhay/p1_outdoor/install/outdoor_simulation/lib/python3.10/site-packages/outdoor_simulation-0.0.0-py3.10.egg-info
[5.730s] running install_scripts
[5.848s] Installing outdoor_simulation script to /mnt/c/Users/ljhay/p1_outdoor/install/outdoor_simulation/lib/outdoor_simulation
[5.865s] writing list of installed files to '/mnt/c/Users/ljhay/p1_outdoor/build/outdoor_simulation/install.log'
[5.916s] Invoked command in '/mnt/c/Users/ljhay/p1_outdoor/src/outdoor_simulation' returned '0': PYTHONPATH=/mnt/c/Users/ljhay/p1_outdoor/build/outdoor_simulation/prefix_override:/usr/lib/python3/dist-packages/colcon_core/task/python/colcon_distutils_commands:/mnt/c/Users/ljhay/p1_outdoor/install/outdoor_simulation/lib/python3.10/site-packages:${PYTHONPATH} /usr/bin/python3 -W ignore:setup.py install is deprecated setup.py egg_info --egg-base ../../build/outdoor_simulation build --build-base /mnt/c/Users/ljhay/p1_outdoor/build/outdoor_simulation/build install --record /mnt/c/Users/ljhay/p1_outdoor/build/outdoor_simulation/install.log --single-version-externally-managed install_data
