[0.159s] DEBUG:colcon:Command line arguments: ['/usr/bin/colcon', 'build']
[0.159s] DEBUG:colcon:Parsed command line arguments: Namespace(log_base=None, log_level=None, verb_name='build', build_base='build', install_base='install', merge_install=False, symlink_install=False, test_result_base=None, continue_on_error=False, executor='parallel', parallel_workers=8, event_handlers=None, ignore_user_meta=False, metas=['./colcon.meta'], base_paths=['.'], packages_ignore=None, packages_ignore_regex=None, paths=None, packages_up_to=None, packages_up_to_regex=None, packages_above=None, packages_above_and_dependencies=None, packages_above_depth=None, packages_select_by_dep=None, packages_skip_by_dep=None, packages_skip_up_to=None, packages_select_build_failed=False, packages_skip_build_finished=False, packages_select_test_failures=False, packages_skip_test_passed=False, packages_select=None, packages_skip=None, packages_select_regex=None, packages_skip_regex=None, packages_start=None, packages_end=None, allow_overriding=[], cmake_args=None, cmake_target=None, cmake_target_skip_unavailable=False, cmake_clean_cache=False, cmake_clean_first=False, cmake_force_configure=False, ament_cmake_args=None, catkin_cmake_args=None, catkin_skip_building_tests=False, mixin_files=None, mixin=None, verb_parser=<colcon_mixin.mixin.mixin_argument.MixinArgumentDecorator object at 0x7f9126021ea0>, verb_extension=<colcon_core.verb.build.BuildVerb object at 0x7f912611a5f0>, main=<bound method BuildVerb.main of <colcon_core.verb.build.BuildVerb object at 0x7f912611a5f0>>, mixin_verb=('build',))
[0.269s] Level 1:colcon.colcon_core.package_discovery:discover_packages(colcon_meta) check parameters
[0.270s] Level 1:colcon.colcon_core.package_discovery:discover_packages(recursive) check parameters
[0.270s] Level 1:colcon.colcon_core.package_discovery:discover_packages(ignore) check parameters
[0.271s] Level 1:colcon.colcon_core.package_discovery:discover_packages(path) check parameters
[0.271s] Level 1:colcon.colcon_core.package_discovery:discover_packages(colcon_meta) discover
[0.271s] Level 1:colcon.colcon_core.package_discovery:discover_packages(recursive) discover
[0.271s] INFO:colcon.colcon_core.package_discovery:Crawling recursively for packages in '/mnt/c/Users/ljhay/p1_outdoor'
[0.273s] Level 1:colcon.colcon_core.package_identification:_identify(.) by extensions ['ignore', 'ignore_ament_install']
[0.273s] Level 1:colcon.colcon_core.package_identification:_identify(.) by extension 'ignore'
[0.274s] Level 1:colcon.colcon_core.package_identification:_identify(.) by extension 'ignore_ament_install'
[0.275s] Level 1:colcon.colcon_core.package_identification:_identify(.) by extensions ['colcon_pkg']
[0.275s] Level 1:colcon.colcon_core.package_identification:_identify(.) by extension 'colcon_pkg'
[0.275s] Level 1:colcon.colcon_core.package_identification:_identify(.) by extensions ['colcon_meta']
[0.275s] Level 1:colcon.colcon_core.package_identification:_identify(.) by extension 'colcon_meta'
[0.276s] Level 1:colcon.colcon_core.package_identification:_identify(.) by extensions ['ros']
[0.276s] Level 1:colcon.colcon_core.package_identification:_identify(.) by extension 'ros'
[0.287s] Level 1:colcon.colcon_core.package_identification:_identify(.) by extensions ['cmake', 'python']
[0.287s] Level 1:colcon.colcon_core.package_identification:_identify(.) by extension 'cmake'
[0.288s] Level 1:colcon.colcon_core.package_identification:_identify(.) by extension 'python'
[0.288s] Level 1:colcon.colcon_core.package_identification:_identify(.) by extensions ['python_setup_py']
[0.289s] Level 1:colcon.colcon_core.package_identification:_identify(.) by extension 'python_setup_py'
[0.291s] Level 1:colcon.colcon_core.package_identification:_identify(build) by extensions ['ignore', 'ignore_ament_install']
[0.292s] Level 1:colcon.colcon_core.package_identification:_identify(build) by extension 'ignore'
[0.293s] Level 1:colcon.colcon_core.package_identification:_identify(build) ignored
[0.296s] Level 1:colcon.colcon_core.package_identification:_identify(google_earth_parser) by extensions ['ignore', 'ignore_ament_install']
[0.296s] Level 1:colcon.colcon_core.package_identification:_identify(google_earth_parser) by extension 'ignore'
[0.297s] Level 1:colcon.colcon_core.package_identification:_identify(google_earth_parser) by extension 'ignore_ament_install'
[0.299s] Level 1:colcon.colcon_core.package_identification:_identify(google_earth_parser) by extensions ['colcon_pkg']
[0.299s] Level 1:colcon.colcon_core.package_identification:_identify(google_earth_parser) by extension 'colcon_pkg'
[0.300s] Level 1:colcon.colcon_core.package_identification:_identify(google_earth_parser) by extensions ['colcon_meta']
[0.300s] Level 1:colcon.colcon_core.package_identification:_identify(google_earth_parser) by extension 'colcon_meta'
[0.301s] Level 1:colcon.colcon_core.package_identification:_identify(google_earth_parser) by extensions ['ros']
[0.301s] Level 1:colcon.colcon_core.package_identification:_identify(google_earth_parser) by extension 'ros'
[0.304s] Level 1:colcon.colcon_core.package_identification:_identify(google_earth_parser) by extensions ['cmake', 'python']
[0.304s] Level 1:colcon.colcon_core.package_identification:_identify(google_earth_parser) by extension 'cmake'
[0.305s] Level 1:colcon.colcon_core.package_identification:_identify(google_earth_parser) by extension 'python'
[0.306s] Level 1:colcon.colcon_core.package_identification:_identify(google_earth_parser) by extensions ['python_setup_py']
[0.306s] Level 1:colcon.colcon_core.package_identification:_identify(google_earth_parser) by extension 'python_setup_py'
[0.310s] Level 1:colcon.colcon_core.package_identification:_identify(google_earth_parser/kml_input) by extensions ['ignore', 'ignore_ament_install']
[0.310s] Level 1:colcon.colcon_core.package_identification:_identify(google_earth_parser/kml_input) by extension 'ignore'
[0.311s] Level 1:colcon.colcon_core.package_identification:_identify(google_earth_parser/kml_input) by extension 'ignore_ament_install'
[0.314s] Level 1:colcon.colcon_core.package_identification:_identify(google_earth_parser/kml_input) by extensions ['colcon_pkg']
[0.314s] Level 1:colcon.colcon_core.package_identification:_identify(google_earth_parser/kml_input) by extension 'colcon_pkg'
[0.315s] Level 1:colcon.colcon_core.package_identification:_identify(google_earth_parser/kml_input) by extensions ['colcon_meta']
[0.316s] Level 1:colcon.colcon_core.package_identification:_identify(google_earth_parser/kml_input) by extension 'colcon_meta'
[0.317s] Level 1:colcon.colcon_core.package_identification:_identify(google_earth_parser/kml_input) by extensions ['ros']
[0.317s] Level 1:colcon.colcon_core.package_identification:_identify(google_earth_parser/kml_input) by extension 'ros'
[0.322s] Level 1:colcon.colcon_core.package_identification:_identify(google_earth_parser/kml_input) by extensions ['cmake', 'python']
[0.323s] Level 1:colcon.colcon_core.package_identification:_identify(google_earth_parser/kml_input) by extension 'cmake'
[0.324s] Level 1:colcon.colcon_core.package_identification:_identify(google_earth_parser/kml_input) by extension 'python'
[0.325s] Level 1:colcon.colcon_core.package_identification:_identify(google_earth_parser/kml_input) by extensions ['python_setup_py']
[0.325s] Level 1:colcon.colcon_core.package_identification:_identify(google_earth_parser/kml_input) by extension 'python_setup_py'
[0.330s] Level 1:colcon.colcon_core.package_identification:_identify(google_earth_parser/kml_output) by extensions ['ignore', 'ignore_ament_install']
[0.331s] Level 1:colcon.colcon_core.package_identification:_identify(google_earth_parser/kml_output) by extension 'ignore'
[0.332s] Level 1:colcon.colcon_core.package_identification:_identify(google_earth_parser/kml_output) by extension 'ignore_ament_install'
[0.334s] Level 1:colcon.colcon_core.package_identification:_identify(google_earth_parser/kml_output) by extensions ['colcon_pkg']
[0.334s] Level 1:colcon.colcon_core.package_identification:_identify(google_earth_parser/kml_output) by extension 'colcon_pkg'
[0.336s] Level 1:colcon.colcon_core.package_identification:_identify(google_earth_parser/kml_output) by extensions ['colcon_meta']
[0.336s] Level 1:colcon.colcon_core.package_identification:_identify(google_earth_parser/kml_output) by extension 'colcon_meta'
[0.338s] Level 1:colcon.colcon_core.package_identification:_identify(google_earth_parser/kml_output) by extensions ['ros']
[0.338s] Level 1:colcon.colcon_core.package_identification:_identify(google_earth_parser/kml_output) by extension 'ros'
[0.342s] Level 1:colcon.colcon_core.package_identification:_identify(google_earth_parser/kml_output) by extensions ['cmake', 'python']
[0.343s] Level 1:colcon.colcon_core.package_identification:_identify(google_earth_parser/kml_output) by extension 'cmake'
[0.344s] Level 1:colcon.colcon_core.package_identification:_identify(google_earth_parser/kml_output) by extension 'python'
[0.345s] Level 1:colcon.colcon_core.package_identification:_identify(google_earth_parser/kml_output) by extensions ['python_setup_py']
[0.346s] Level 1:colcon.colcon_core.package_identification:_identify(google_earth_parser/kml_output) by extension 'python_setup_py'
[0.351s] Level 1:colcon.colcon_core.package_identification:_identify(google_earth_parser/wbt_output) by extensions ['ignore', 'ignore_ament_install']
[0.352s] Level 1:colcon.colcon_core.package_identification:_identify(google_earth_parser/wbt_output) by extension 'ignore'
[0.353s] Level 1:colcon.colcon_core.package_identification:_identify(google_earth_parser/wbt_output) by extension 'ignore_ament_install'
[0.355s] Level 1:colcon.colcon_core.package_identification:_identify(google_earth_parser/wbt_output) by extensions ['colcon_pkg']
[0.355s] Level 1:colcon.colcon_core.package_identification:_identify(google_earth_parser/wbt_output) by extension 'colcon_pkg'
[0.356s] Level 1:colcon.colcon_core.package_identification:_identify(google_earth_parser/wbt_output) by extensions ['colcon_meta']
[0.357s] Level 1:colcon.colcon_core.package_identification:_identify(google_earth_parser/wbt_output) by extension 'colcon_meta'
[0.358s] Level 1:colcon.colcon_core.package_identification:_identify(google_earth_parser/wbt_output) by extensions ['ros']
[0.358s] Level 1:colcon.colcon_core.package_identification:_identify(google_earth_parser/wbt_output) by extension 'ros'
[0.364s] Level 1:colcon.colcon_core.package_identification:_identify(google_earth_parser/wbt_output) by extensions ['cmake', 'python']
[0.364s] Level 1:colcon.colcon_core.package_identification:_identify(google_earth_parser/wbt_output) by extension 'cmake'
[0.365s] Level 1:colcon.colcon_core.package_identification:_identify(google_earth_parser/wbt_output) by extension 'python'
[0.366s] Level 1:colcon.colcon_core.package_identification:_identify(google_earth_parser/wbt_output) by extensions ['python_setup_py']
[0.367s] Level 1:colcon.colcon_core.package_identification:_identify(google_earth_parser/wbt_output) by extension 'python_setup_py'
[0.370s] Level 1:colcon.colcon_core.package_identification:_identify(install) by extensions ['ignore', 'ignore_ament_install']
[0.370s] Level 1:colcon.colcon_core.package_identification:_identify(install) by extension 'ignore'
[0.372s] Level 1:colcon.colcon_core.package_identification:_identify(install) ignored
[0.375s] Level 1:colcon.colcon_core.package_identification:_identify(log) by extensions ['ignore', 'ignore_ament_install']
[0.376s] Level 1:colcon.colcon_core.package_identification:_identify(log) by extension 'ignore'
[0.377s] Level 1:colcon.colcon_core.package_identification:_identify(log) ignored
[0.379s] Level 1:colcon.colcon_core.package_identification:_identify(src) by extensions ['ignore', 'ignore_ament_install']
[0.380s] Level 1:colcon.colcon_core.package_identification:_identify(src) by extension 'ignore'
[0.380s] Level 1:colcon.colcon_core.package_identification:_identify(src) by extension 'ignore_ament_install'
[0.382s] Level 1:colcon.colcon_core.package_identification:_identify(src) by extensions ['colcon_pkg']
[0.382s] Level 1:colcon.colcon_core.package_identification:_identify(src) by extension 'colcon_pkg'
[0.383s] Level 1:colcon.colcon_core.package_identification:_identify(src) by extensions ['colcon_meta']
[0.383s] Level 1:colcon.colcon_core.package_identification:_identify(src) by extension 'colcon_meta'
[0.384s] Level 1:colcon.colcon_core.package_identification:_identify(src) by extensions ['ros']
[0.384s] Level 1:colcon.colcon_core.package_identification:_identify(src) by extension 'ros'
[0.387s] Level 1:colcon.colcon_core.package_identification:_identify(src) by extensions ['cmake', 'python']
[0.387s] Level 1:colcon.colcon_core.package_identification:_identify(src) by extension 'cmake'
[0.388s] Level 1:colcon.colcon_core.package_identification:_identify(src) by extension 'python'
[0.389s] Level 1:colcon.colcon_core.package_identification:_identify(src) by extensions ['python_setup_py']
[0.389s] Level 1:colcon.colcon_core.package_identification:_identify(src) by extension 'python_setup_py'
[0.394s] Level 1:colcon.colcon_core.package_identification:_identify(src/launch) by extensions ['ignore', 'ignore_ament_install']
[0.394s] Level 1:colcon.colcon_core.package_identification:_identify(src/launch) by extension 'ignore'
[0.395s] Level 1:colcon.colcon_core.package_identification:_identify(src/launch) by extension 'ignore_ament_install'
[0.398s] Level 1:colcon.colcon_core.package_identification:_identify(src/launch) by extensions ['colcon_pkg']
[0.398s] Level 1:colcon.colcon_core.package_identification:_identify(src/launch) by extension 'colcon_pkg'
[0.399s] Level 1:colcon.colcon_core.package_identification:_identify(src/launch) by extensions ['colcon_meta']
[0.400s] Level 1:colcon.colcon_core.package_identification:_identify(src/launch) by extension 'colcon_meta'
[0.401s] Level 1:colcon.colcon_core.package_identification:_identify(src/launch) by extensions ['ros']
[0.401s] Level 1:colcon.colcon_core.package_identification:_identify(src/launch) by extension 'ros'
[0.405s] Level 1:colcon.colcon_core.package_identification:_identify(src/launch) by extensions ['cmake', 'python']
[0.406s] Level 1:colcon.colcon_core.package_identification:_identify(src/launch) by extension 'cmake'
[0.407s] Level 1:colcon.colcon_core.package_identification:_identify(src/launch) by extension 'python'
[0.408s] Level 1:colcon.colcon_core.package_identification:_identify(src/launch) by extensions ['python_setup_py']
[0.408s] Level 1:colcon.colcon_core.package_identification:_identify(src/launch) by extension 'python_setup_py'
[0.414s] Level 1:colcon.colcon_core.package_identification:_identify(src/outdoor_simulation) by extensions ['ignore', 'ignore_ament_install']
[0.414s] Level 1:colcon.colcon_core.package_identification:_identify(src/outdoor_simulation) by extension 'ignore'
[0.416s] Level 1:colcon.colcon_core.package_identification:_identify(src/outdoor_simulation) by extension 'ignore_ament_install'
[0.419s] Level 1:colcon.colcon_core.package_identification:_identify(src/outdoor_simulation) by extensions ['colcon_pkg']
[0.419s] Level 1:colcon.colcon_core.package_identification:_identify(src/outdoor_simulation) by extension 'colcon_pkg'
[0.420s] Level 1:colcon.colcon_core.package_identification:_identify(src/outdoor_simulation) by extensions ['colcon_meta']
[0.420s] Level 1:colcon.colcon_core.package_identification:_identify(src/outdoor_simulation) by extension 'colcon_meta'
[0.422s] Level 1:colcon.colcon_core.package_identification:_identify(src/outdoor_simulation) by extensions ['ros']
[0.422s] Level 1:colcon.colcon_core.package_identification:_identify(src/outdoor_simulation) by extension 'ros'
[0.435s] DEBUG:colcon.colcon_core.package_identification:Package 'src/outdoor_simulation' with type 'ros.ament_python' and name 'outdoor_simulation'
[0.438s] Level 1:colcon.colcon_core.package_identification:_identify(src/worlds) by extensions ['ignore', 'ignore_ament_install']
[0.438s] Level 1:colcon.colcon_core.package_identification:_identify(src/worlds) by extension 'ignore'
[0.439s] Level 1:colcon.colcon_core.package_identification:_identify(src/worlds) by extension 'ignore_ament_install'
[0.442s] Level 1:colcon.colcon_core.package_identification:_identify(src/worlds) by extensions ['colcon_pkg']
[0.442s] Level 1:colcon.colcon_core.package_identification:_identify(src/worlds) by extension 'colcon_pkg'
[0.444s] Level 1:colcon.colcon_core.package_identification:_identify(src/worlds) by extensions ['colcon_meta']
[0.444s] Level 1:colcon.colcon_core.package_identification:_identify(src/worlds) by extension 'colcon_meta'
[0.446s] Level 1:colcon.colcon_core.package_identification:_identify(src/worlds) by extensions ['ros']
[0.447s] Level 1:colcon.colcon_core.package_identification:_identify(src/worlds) by extension 'ros'
[0.451s] Level 1:colcon.colcon_core.package_identification:_identify(src/worlds) by extensions ['cmake', 'python']
[0.451s] Level 1:colcon.colcon_core.package_identification:_identify(src/worlds) by extension 'cmake'
[0.453s] Level 1:colcon.colcon_core.package_identification:_identify(src/worlds) by extension 'python'
[0.454s] Level 1:colcon.colcon_core.package_identification:_identify(src/worlds) by extensions ['python_setup_py']
[0.454s] Level 1:colcon.colcon_core.package_identification:_identify(src/worlds) by extension 'python_setup_py'
[0.455s] Level 1:colcon.colcon_core.package_discovery:discover_packages(recursive) using defaults
[0.455s] Level 1:colcon.colcon_core.package_discovery:discover_packages(ignore) discover
[0.456s] Level 1:colcon.colcon_core.package_discovery:discover_packages(ignore) using defaults
[0.456s] Level 1:colcon.colcon_core.package_discovery:discover_packages(path) discover
[0.456s] Level 1:colcon.colcon_core.package_discovery:discover_packages(path) using defaults
[0.481s] Level 1:colcon.colcon_core.package_discovery:discover_packages(prefix_path) check parameters
[0.481s] Level 1:colcon.colcon_core.package_discovery:discover_packages(prefix_path) discover
[0.482s] Level 1:colcon.colcon_core.package_discovery:discover_packages(prefix_path) using defaults
[0.484s] Level 5:colcon.colcon_core.verb:set package 'outdoor_simulation' build argument 'cmake_args' from command line to 'None'
[0.484s] Level 5:colcon.colcon_core.verb:set package 'outdoor_simulation' build argument 'cmake_target' from command line to 'None'
[0.484s] Level 5:colcon.colcon_core.verb:set package 'outdoor_simulation' build argument 'cmake_target_skip_unavailable' from command line to 'False'
[0.484s] Level 5:colcon.colcon_core.verb:set package 'outdoor_simulation' build argument 'cmake_clean_cache' from command line to 'False'
[0.485s] Level 5:colcon.colcon_core.verb:set package 'outdoor_simulation' build argument 'cmake_clean_first' from command line to 'False'
[0.485s] Level 5:colcon.colcon_core.verb:set package 'outdoor_simulation' build argument 'cmake_force_configure' from command line to 'False'
[0.486s] Level 5:colcon.colcon_core.verb:set package 'outdoor_simulation' build argument 'ament_cmake_args' from command line to 'None'
[0.486s] Level 5:colcon.colcon_core.verb:set package 'outdoor_simulation' build argument 'catkin_cmake_args' from command line to 'None'
[0.486s] Level 5:colcon.colcon_core.verb:set package 'outdoor_simulation' build argument 'catkin_skip_building_tests' from command line to 'False'
[0.486s] DEBUG:colcon.colcon_core.verb:Building package 'outdoor_simulation' with the following arguments: {'ament_cmake_args': None, 'build_base': '/mnt/c/Users/ljhay/p1_outdoor/build/outdoor_simulation', 'catkin_cmake_args': None, 'catkin_skip_building_tests': False, 'cmake_args': None, 'cmake_clean_cache': False, 'cmake_clean_first': False, 'cmake_force_configure': False, 'cmake_target': None, 'cmake_target_skip_unavailable': False, 'install_base': '/mnt/c/Users/ljhay/p1_outdoor/install/outdoor_simulation', 'merge_install': False, 'path': '/mnt/c/Users/ljhay/p1_outdoor/src/outdoor_simulation', 'symlink_install': False, 'test_result_base': None}
[0.487s] INFO:colcon.colcon_core.executor:Executing jobs using 'parallel' executor
[0.488s] DEBUG:colcon.colcon_parallel_executor.executor.parallel:run_until_complete
[0.489s] INFO:colcon.colcon_ros.task.ament_python.build:Building ROS package in '/mnt/c/Users/ljhay/p1_outdoor/src/outdoor_simulation' with build type 'ament_python'
[0.490s] Level 1:colcon.colcon_core.shell:create_environment_hook('outdoor_simulation', 'ament_prefix_path')
[0.494s] INFO:colcon.colcon_core.plugin_system:Skipping extension 'colcon_core.shell.bat': Not used on non-Windows systems
[0.495s] INFO:colcon.colcon_core.shell:Creating environment hook '/mnt/c/Users/ljhay/p1_outdoor/install/outdoor_simulation/share/outdoor_simulation/hook/ament_prefix_path.ps1'
[0.508s] INFO:colcon.colcon_core.shell:Creating environment descriptor '/mnt/c/Users/ljhay/p1_outdoor/install/outdoor_simulation/share/outdoor_simulation/hook/ament_prefix_path.dsv'
[0.524s] INFO:colcon.colcon_core.shell:Creating environment hook '/mnt/c/Users/ljhay/p1_outdoor/install/outdoor_simulation/share/outdoor_simulation/hook/ament_prefix_path.sh'
[0.539s] INFO:colcon.colcon_core.shell:Skip shell extension 'powershell' for command environment: Not usable outside of PowerShell
[0.540s] DEBUG:colcon.colcon_core.shell:Skip shell extension 'dsv' for command environment
[0.815s] INFO:colcon.colcon_core.task.python.build:Building Python package in '/mnt/c/Users/ljhay/p1_outdoor/src/outdoor_simulation'
[0.816s] INFO:colcon.colcon_core.shell:Skip shell extension 'powershell' for command environment: Not usable outside of PowerShell
[0.816s] DEBUG:colcon.colcon_core.shell:Skip shell extension 'dsv' for command environment
[1.986s] DEBUG:colcon.colcon_core.event_handler.log_command:Invoking command in '/mnt/c/Users/ljhay/p1_outdoor/src/outdoor_simulation': PYTHONPATH=/mnt/c/Users/ljhay/p1_outdoor/build/outdoor_simulation/prefix_override:/usr/lib/python3/dist-packages/colcon_core/task/python/colcon_distutils_commands:/mnt/c/Users/ljhay/p1_outdoor/install/outdoor_simulation/lib/python3.10/site-packages: /usr/bin/python3 -W ignore:setup.py install is deprecated setup.py egg_info --egg-base ../../build/outdoor_simulation build --build-base /mnt/c/Users/ljhay/p1_outdoor/build/outdoor_simulation/build install --record /mnt/c/Users/ljhay/p1_outdoor/build/outdoor_simulation/install.log --single-version-externally-managed install_data
[3.151s] DEBUG:colcon.colcon_core.event_handler.log_command:Invoked command in '/mnt/c/Users/ljhay/p1_outdoor/src/outdoor_simulation' returned '1': PYTHONPATH=/mnt/c/Users/ljhay/p1_outdoor/build/outdoor_simulation/prefix_override:/usr/lib/python3/dist-packages/colcon_core/task/python/colcon_distutils_commands:/mnt/c/Users/ljhay/p1_outdoor/install/outdoor_simulation/lib/python3.10/site-packages: /usr/bin/python3 -W ignore:setup.py install is deprecated setup.py egg_info --egg-base ../../build/outdoor_simulation build --build-base /mnt/c/Users/ljhay/p1_outdoor/build/outdoor_simulation/build install --record /mnt/c/Users/ljhay/p1_outdoor/build/outdoor_simulation/install.log --single-version-externally-managed install_data
[3.160s] DEBUG:colcon.colcon_parallel_executor.executor.parallel:closing loop
[3.160s] DEBUG:colcon.colcon_parallel_executor.executor.parallel:loop closed
[3.161s] DEBUG:colcon.colcon_parallel_executor.executor.parallel:run_until_complete finished with '1'
[3.161s] DEBUG:colcon.colcon_core.event_reactor:joining thread
[3.188s] INFO:colcon.colcon_core.plugin_system:Skipping extension 'colcon_notification.desktop_notification.notify_send': Could not find 'notify-send'
[3.189s] INFO:colcon.colcon_core.plugin_system:Skipping extension 'colcon_notification.desktop_notification.terminal_notifier': Not used on non-Darwin systems
[3.190s] INFO:colcon.colcon_core.plugin_system:Skipping extension 'colcon_notification.desktop_notification.win32': Not used on non-Windows systems
[3.191s] INFO:colcon.colcon_notification.desktop_notification:Sending desktop notification using 'notify2'
[3.191s] DEBUG:colcon.colcon_notification.desktop_notification.notify2:Failed to initialize notify2: org.freedesktop.DBus.Error.FileNotFound: Failed to connect to socket /run/user/1000/bus: No such file or directory
[3.192s] DEBUG:colcon.colcon_core.event_reactor:joined thread
[3.192s] INFO:colcon.colcon_core.shell:Creating prefix script '/mnt/c/Users/ljhay/p1_outdoor/install/local_setup.ps1'
[3.199s] INFO:colcon.colcon_core.shell:Creating prefix util module '/mnt/c/Users/ljhay/p1_outdoor/install/_local_setup_util_ps1.py'
[3.206s] INFO:colcon.colcon_core.shell:Creating prefix chain script '/mnt/c/Users/ljhay/p1_outdoor/install/setup.ps1'
[3.212s] INFO:colcon.colcon_core.shell:Creating prefix script '/mnt/c/Users/ljhay/p1_outdoor/install/local_setup.sh'
[3.221s] INFO:colcon.colcon_core.shell:Creating prefix util module '/mnt/c/Users/ljhay/p1_outdoor/install/_local_setup_util_sh.py'
[3.226s] INFO:colcon.colcon_core.shell:Creating prefix chain script '/mnt/c/Users/ljhay/p1_outdoor/install/setup.sh'
[3.233s] INFO:colcon.colcon_core.shell:Creating prefix script '/mnt/c/Users/ljhay/p1_outdoor/install/local_setup.bash'
[3.238s] INFO:colcon.colcon_core.shell:Creating prefix chain script '/mnt/c/Users/ljhay/p1_outdoor/install/setup.bash'
[3.243s] INFO:colcon.colcon_core.shell:Creating prefix script '/mnt/c/Users/ljhay/p1_outdoor/install/local_setup.zsh'
[3.248s] INFO:colcon.colcon_core.shell:Creating prefix chain script '/mnt/c/Users/ljhay/p1_outdoor/install/setup.zsh'
