[0.173s] DEBUG:colcon:Command line arguments: ['/usr/bin/colcon', 'build']
[0.173s] DEBUG:colcon:Parsed command line arguments: Namespace(log_base=None, log_level=None, verb_name='build', build_base='build', install_base='install', merge_install=False, symlink_install=False, test_result_base=None, continue_on_error=False, executor='parallel', parallel_workers=8, event_handlers=None, ignore_user_meta=False, metas=['./colcon.meta'], base_paths=['.'], packages_ignore=None, packages_ignore_regex=None, paths=None, packages_up_to=None, packages_up_to_regex=None, packages_above=None, packages_above_and_dependencies=None, packages_above_depth=None, packages_select_by_dep=None, packages_skip_by_dep=None, packages_skip_up_to=None, packages_select_build_failed=False, packages_skip_build_finished=False, packages_select_test_failures=False, packages_skip_test_passed=False, packages_select=None, packages_skip=None, packages_select_regex=None, packages_skip_regex=None, packages_start=None, packages_end=None, allow_overriding=[], cmake_args=None, cmake_target=None, cmake_target_skip_unavailable=False, cmake_clean_cache=False, cmake_clean_first=False, cmake_force_configure=False, ament_cmake_args=None, catkin_cmake_args=None, catkin_skip_building_tests=False, mixin_files=None, mixin=None, verb_parser=<colcon_mixin.mixin.mixin_argument.MixinArgumentDecorator object at 0x7f4bc07e1ea0>, verb_extension=<colcon_core.verb.build.BuildVerb object at 0x7f4bc091a5f0>, main=<bound method BuildVerb.main of <colcon_core.verb.build.BuildVerb object at 0x7f4bc091a5f0>>, mixin_verb=('build',))
[0.299s] Level 1:colcon.colcon_core.package_discovery:discover_packages(colcon_meta) check parameters
[0.300s] Level 1:colcon.colcon_core.package_discovery:discover_packages(recursive) check parameters
[0.300s] Level 1:colcon.colcon_core.package_discovery:discover_packages(ignore) check parameters
[0.300s] Level 1:colcon.colcon_core.package_discovery:discover_packages(path) check parameters
[0.301s] Level 1:colcon.colcon_core.package_discovery:discover_packages(colcon_meta) discover
[0.301s] Level 1:colcon.colcon_core.package_discovery:discover_packages(recursive) discover
[0.301s] INFO:colcon.colcon_core.package_discovery:Crawling recursively for packages in '/mnt/c/Users/ljhay/p1_outdoor'
[0.303s] Level 1:colcon.colcon_core.package_identification:_identify(.) by extensions ['ignore', 'ignore_ament_install']
[0.303s] Level 1:colcon.colcon_core.package_identification:_identify(.) by extension 'ignore'
[0.304s] Level 1:colcon.colcon_core.package_identification:_identify(.) by extension 'ignore_ament_install'
[0.305s] Level 1:colcon.colcon_core.package_identification:_identify(.) by extensions ['colcon_pkg']
[0.305s] Level 1:colcon.colcon_core.package_identification:_identify(.) by extension 'colcon_pkg'
[0.305s] Level 1:colcon.colcon_core.package_identification:_identify(.) by extensions ['colcon_meta']
[0.306s] Level 1:colcon.colcon_core.package_identification:_identify(.) by extension 'colcon_meta'
[0.306s] Level 1:colcon.colcon_core.package_identification:_identify(.) by extensions ['ros']
[0.306s] Level 1:colcon.colcon_core.package_identification:_identify(.) by extension 'ros'
[0.319s] Level 1:colcon.colcon_core.package_identification:_identify(.) by extensions ['cmake', 'python']
[0.319s] Level 1:colcon.colcon_core.package_identification:_identify(.) by extension 'cmake'
[0.320s] Level 1:colcon.colcon_core.package_identification:_identify(.) by extension 'python'
[0.320s] Level 1:colcon.colcon_core.package_identification:_identify(.) by extensions ['python_setup_py']
[0.320s] Level 1:colcon.colcon_core.package_identification:_identify(.) by extension 'python_setup_py'
[0.324s] Level 1:colcon.colcon_core.package_identification:_identify(build) by extensions ['ignore', 'ignore_ament_install']
[0.325s] Level 1:colcon.colcon_core.package_identification:_identify(build) by extension 'ignore'
[0.326s] Level 1:colcon.colcon_core.package_identification:_identify(build) ignored
[0.329s] Level 1:colcon.colcon_core.package_identification:_identify(google_earth_parser) by extensions ['ignore', 'ignore_ament_install']
[0.329s] Level 1:colcon.colcon_core.package_identification:_identify(google_earth_parser) by extension 'ignore'
[0.331s] Level 1:colcon.colcon_core.package_identification:_identify(google_earth_parser) by extension 'ignore_ament_install'
[0.333s] Level 1:colcon.colcon_core.package_identification:_identify(google_earth_parser) by extensions ['colcon_pkg']
[0.333s] Level 1:colcon.colcon_core.package_identification:_identify(google_earth_parser) by extension 'colcon_pkg'
[0.334s] Level 1:colcon.colcon_core.package_identification:_identify(google_earth_parser) by extensions ['colcon_meta']
[0.334s] Level 1:colcon.colcon_core.package_identification:_identify(google_earth_parser) by extension 'colcon_meta'
[0.335s] Level 1:colcon.colcon_core.package_identification:_identify(google_earth_parser) by extensions ['ros']
[0.335s] Level 1:colcon.colcon_core.package_identification:_identify(google_earth_parser) by extension 'ros'
[0.338s] Level 1:colcon.colcon_core.package_identification:_identify(google_earth_parser) by extensions ['cmake', 'python']
[0.339s] Level 1:colcon.colcon_core.package_identification:_identify(google_earth_parser) by extension 'cmake'
[0.340s] Level 1:colcon.colcon_core.package_identification:_identify(google_earth_parser) by extension 'python'
[0.341s] Level 1:colcon.colcon_core.package_identification:_identify(google_earth_parser) by extensions ['python_setup_py']
[0.341s] Level 1:colcon.colcon_core.package_identification:_identify(google_earth_parser) by extension 'python_setup_py'
[0.346s] Level 1:colcon.colcon_core.package_identification:_identify(google_earth_parser/kml_input) by extensions ['ignore', 'ignore_ament_install']
[0.347s] Level 1:colcon.colcon_core.package_identification:_identify(google_earth_parser/kml_input) by extension 'ignore'
[0.348s] Level 1:colcon.colcon_core.package_identification:_identify(google_earth_parser/kml_input) by extension 'ignore_ament_install'
[0.351s] Level 1:colcon.colcon_core.package_identification:_identify(google_earth_parser/kml_input) by extensions ['colcon_pkg']
[0.351s] Level 1:colcon.colcon_core.package_identification:_identify(google_earth_parser/kml_input) by extension 'colcon_pkg'
[0.353s] Level 1:colcon.colcon_core.package_identification:_identify(google_earth_parser/kml_input) by extensions ['colcon_meta']
[0.353s] Level 1:colcon.colcon_core.package_identification:_identify(google_earth_parser/kml_input) by extension 'colcon_meta'
[0.355s] Level 1:colcon.colcon_core.package_identification:_identify(google_earth_parser/kml_input) by extensions ['ros']
[0.355s] Level 1:colcon.colcon_core.package_identification:_identify(google_earth_parser/kml_input) by extension 'ros'
[0.361s] Level 1:colcon.colcon_core.package_identification:_identify(google_earth_parser/kml_input) by extensions ['cmake', 'python']
[0.361s] Level 1:colcon.colcon_core.package_identification:_identify(google_earth_parser/kml_input) by extension 'cmake'
[0.363s] Level 1:colcon.colcon_core.package_identification:_identify(google_earth_parser/kml_input) by extension 'python'
[0.365s] Level 1:colcon.colcon_core.package_identification:_identify(google_earth_parser/kml_input) by extensions ['python_setup_py']
[0.365s] Level 1:colcon.colcon_core.package_identification:_identify(google_earth_parser/kml_input) by extension 'python_setup_py'
[0.371s] Level 1:colcon.colcon_core.package_identification:_identify(google_earth_parser/kml_output) by extensions ['ignore', 'ignore_ament_install']
[0.372s] Level 1:colcon.colcon_core.package_identification:_identify(google_earth_parser/kml_output) by extension 'ignore'
[0.373s] Level 1:colcon.colcon_core.package_identification:_identify(google_earth_parser/kml_output) by extension 'ignore_ament_install'
[0.376s] Level 1:colcon.colcon_core.package_identification:_identify(google_earth_parser/kml_output) by extensions ['colcon_pkg']
[0.376s] Level 1:colcon.colcon_core.package_identification:_identify(google_earth_parser/kml_output) by extension 'colcon_pkg'
[0.378s] Level 1:colcon.colcon_core.package_identification:_identify(google_earth_parser/kml_output) by extensions ['colcon_meta']
[0.378s] Level 1:colcon.colcon_core.package_identification:_identify(google_earth_parser/kml_output) by extension 'colcon_meta'
[0.380s] Level 1:colcon.colcon_core.package_identification:_identify(google_earth_parser/kml_output) by extensions ['ros']
[0.381s] Level 1:colcon.colcon_core.package_identification:_identify(google_earth_parser/kml_output) by extension 'ros'
[0.387s] Level 1:colcon.colcon_core.package_identification:_identify(google_earth_parser/kml_output) by extensions ['cmake', 'python']
[0.388s] Level 1:colcon.colcon_core.package_identification:_identify(google_earth_parser/kml_output) by extension 'cmake'
[0.389s] Level 1:colcon.colcon_core.package_identification:_identify(google_earth_parser/kml_output) by extension 'python'
[0.391s] Level 1:colcon.colcon_core.package_identification:_identify(google_earth_parser/kml_output) by extensions ['python_setup_py']
[0.391s] Level 1:colcon.colcon_core.package_identification:_identify(google_earth_parser/kml_output) by extension 'python_setup_py'
[0.396s] Level 1:colcon.colcon_core.package_identification:_identify(google_earth_parser/wbt_output) by extensions ['ignore', 'ignore_ament_install']
[0.397s] Level 1:colcon.colcon_core.package_identification:_identify(google_earth_parser/wbt_output) by extension 'ignore'
[0.398s] Level 1:colcon.colcon_core.package_identification:_identify(google_earth_parser/wbt_output) by extension 'ignore_ament_install'
[0.401s] Level 1:colcon.colcon_core.package_identification:_identify(google_earth_parser/wbt_output) by extensions ['colcon_pkg']
[0.402s] Level 1:colcon.colcon_core.package_identification:_identify(google_earth_parser/wbt_output) by extension 'colcon_pkg'
[0.403s] Level 1:colcon.colcon_core.package_identification:_identify(google_earth_parser/wbt_output) by extensions ['colcon_meta']
[0.404s] Level 1:colcon.colcon_core.package_identification:_identify(google_earth_parser/wbt_output) by extension 'colcon_meta'
[0.405s] Level 1:colcon.colcon_core.package_identification:_identify(google_earth_parser/wbt_output) by extensions ['ros']
[0.406s] Level 1:colcon.colcon_core.package_identification:_identify(google_earth_parser/wbt_output) by extension 'ros'
[0.411s] Level 1:colcon.colcon_core.package_identification:_identify(google_earth_parser/wbt_output) by extensions ['cmake', 'python']
[0.412s] Level 1:colcon.colcon_core.package_identification:_identify(google_earth_parser/wbt_output) by extension 'cmake'
[0.413s] Level 1:colcon.colcon_core.package_identification:_identify(google_earth_parser/wbt_output) by extension 'python'
[0.415s] Level 1:colcon.colcon_core.package_identification:_identify(google_earth_parser/wbt_output) by extensions ['python_setup_py']
[0.415s] Level 1:colcon.colcon_core.package_identification:_identify(google_earth_parser/wbt_output) by extension 'python_setup_py'
[0.419s] Level 1:colcon.colcon_core.package_identification:_identify(install) by extensions ['ignore', 'ignore_ament_install']
[0.420s] Level 1:colcon.colcon_core.package_identification:_identify(install) by extension 'ignore'
[0.421s] Level 1:colcon.colcon_core.package_identification:_identify(install) ignored
[0.426s] Level 1:colcon.colcon_core.package_identification:_identify(log) by extensions ['ignore', 'ignore_ament_install']
[0.426s] Level 1:colcon.colcon_core.package_identification:_identify(log) by extension 'ignore'
[0.427s] Level 1:colcon.colcon_core.package_identification:_identify(log) ignored
[0.431s] Level 1:colcon.colcon_core.package_identification:_identify(src) by extensions ['ignore', 'ignore_ament_install']
[0.431s] Level 1:colcon.colcon_core.package_identification:_identify(src) by extension 'ignore'
[0.432s] Level 1:colcon.colcon_core.package_identification:_identify(src) by extension 'ignore_ament_install'
[0.434s] Level 1:colcon.colcon_core.package_identification:_identify(src) by extensions ['colcon_pkg']
[0.434s] Level 1:colcon.colcon_core.package_identification:_identify(src) by extension 'colcon_pkg'
[0.436s] Level 1:colcon.colcon_core.package_identification:_identify(src) by extensions ['colcon_meta']
[0.436s] Level 1:colcon.colcon_core.package_identification:_identify(src) by extension 'colcon_meta'
[0.437s] Level 1:colcon.colcon_core.package_identification:_identify(src) by extensions ['ros']
[0.437s] Level 1:colcon.colcon_core.package_identification:_identify(src) by extension 'ros'
[0.440s] Level 1:colcon.colcon_core.package_identification:_identify(src) by extensions ['cmake', 'python']
[0.441s] Level 1:colcon.colcon_core.package_identification:_identify(src) by extension 'cmake'
[0.442s] Level 1:colcon.colcon_core.package_identification:_identify(src) by extension 'python'
[0.443s] Level 1:colcon.colcon_core.package_identification:_identify(src) by extensions ['python_setup_py']
[0.443s] Level 1:colcon.colcon_core.package_identification:_identify(src) by extension 'python_setup_py'
[0.449s] Level 1:colcon.colcon_core.package_identification:_identify(src/launch) by extensions ['ignore', 'ignore_ament_install']
[0.449s] Level 1:colcon.colcon_core.package_identification:_identify(src/launch) by extension 'ignore'
[0.451s] Level 1:colcon.colcon_core.package_identification:_identify(src/launch) by extension 'ignore_ament_install'
[0.454s] Level 1:colcon.colcon_core.package_identification:_identify(src/launch) by extensions ['colcon_pkg']
[0.454s] Level 1:colcon.colcon_core.package_identification:_identify(src/launch) by extension 'colcon_pkg'
[0.456s] Level 1:colcon.colcon_core.package_identification:_identify(src/launch) by extensions ['colcon_meta']
[0.456s] Level 1:colcon.colcon_core.package_identification:_identify(src/launch) by extension 'colcon_meta'
[0.458s] Level 1:colcon.colcon_core.package_identification:_identify(src/launch) by extensions ['ros']
[0.458s] Level 1:colcon.colcon_core.package_identification:_identify(src/launch) by extension 'ros'
[0.464s] Level 1:colcon.colcon_core.package_identification:_identify(src/launch) by extensions ['cmake', 'python']
[0.464s] Level 1:colcon.colcon_core.package_identification:_identify(src/launch) by extension 'cmake'
[0.465s] Level 1:colcon.colcon_core.package_identification:_identify(src/launch) by extension 'python'
[0.467s] Level 1:colcon.colcon_core.package_identification:_identify(src/launch) by extensions ['python_setup_py']
[0.467s] Level 1:colcon.colcon_core.package_identification:_identify(src/launch) by extension 'python_setup_py'
[0.473s] Level 1:colcon.colcon_core.package_identification:_identify(src/outdoor_simulation) by extensions ['ignore', 'ignore_ament_install']
[0.474s] Level 1:colcon.colcon_core.package_identification:_identify(src/outdoor_simulation) by extension 'ignore'
[0.475s] Level 1:colcon.colcon_core.package_identification:_identify(src/outdoor_simulation) by extension 'ignore_ament_install'
[0.481s] Level 1:colcon.colcon_core.package_identification:_identify(src/outdoor_simulation) by extensions ['colcon_pkg']
[0.481s] Level 1:colcon.colcon_core.package_identification:_identify(src/outdoor_simulation) by extension 'colcon_pkg'
[0.483s] Level 1:colcon.colcon_core.package_identification:_identify(src/outdoor_simulation) by extensions ['colcon_meta']
[0.483s] Level 1:colcon.colcon_core.package_identification:_identify(src/outdoor_simulation) by extension 'colcon_meta'
[0.485s] Level 1:colcon.colcon_core.package_identification:_identify(src/outdoor_simulation) by extensions ['ros']
[0.485s] Level 1:colcon.colcon_core.package_identification:_identify(src/outdoor_simulation) by extension 'ros'
[0.499s] DEBUG:colcon.colcon_core.package_identification:Package 'src/outdoor_simulation' with type 'ros.ament_python' and name 'outdoor_simulation'
[0.504s] Level 1:colcon.colcon_core.package_identification:_identify(src/worlds) by extensions ['ignore', 'ignore_ament_install']
[0.504s] Level 1:colcon.colcon_core.package_identification:_identify(src/worlds) by extension 'ignore'
[0.506s] Level 1:colcon.colcon_core.package_identification:_identify(src/worlds) by extension 'ignore_ament_install'
[0.508s] Level 1:colcon.colcon_core.package_identification:_identify(src/worlds) by extensions ['colcon_pkg']
[0.509s] Level 1:colcon.colcon_core.package_identification:_identify(src/worlds) by extension 'colcon_pkg'
[0.510s] Level 1:colcon.colcon_core.package_identification:_identify(src/worlds) by extensions ['colcon_meta']
[0.510s] Level 1:colcon.colcon_core.package_identification:_identify(src/worlds) by extension 'colcon_meta'
[0.512s] Level 1:colcon.colcon_core.package_identification:_identify(src/worlds) by extensions ['ros']
[0.513s] Level 1:colcon.colcon_core.package_identification:_identify(src/worlds) by extension 'ros'
[0.518s] Level 1:colcon.colcon_core.package_identification:_identify(src/worlds) by extensions ['cmake', 'python']
[0.519s] Level 1:colcon.colcon_core.package_identification:_identify(src/worlds) by extension 'cmake'
[0.520s] Level 1:colcon.colcon_core.package_identification:_identify(src/worlds) by extension 'python'
[0.522s] Level 1:colcon.colcon_core.package_identification:_identify(src/worlds) by extensions ['python_setup_py']
[0.522s] Level 1:colcon.colcon_core.package_identification:_identify(src/worlds) by extension 'python_setup_py'
[0.524s] Level 1:colcon.colcon_core.package_discovery:discover_packages(recursive) using defaults
[0.524s] Level 1:colcon.colcon_core.package_discovery:discover_packages(ignore) discover
[0.524s] Level 1:colcon.colcon_core.package_discovery:discover_packages(ignore) using defaults
[0.524s] Level 1:colcon.colcon_core.package_discovery:discover_packages(path) discover
[0.525s] Level 1:colcon.colcon_core.package_discovery:discover_packages(path) using defaults
[0.550s] Level 1:colcon.colcon_core.package_discovery:discover_packages(prefix_path) check parameters
[0.551s] Level 1:colcon.colcon_core.package_discovery:discover_packages(prefix_path) discover
[0.552s] Level 1:colcon.colcon_core.package_discovery:discover_packages(prefix_path) using defaults
[0.554s] Level 5:colcon.colcon_core.verb:set package 'outdoor_simulation' build argument 'cmake_args' from command line to 'None'
[0.555s] Level 5:colcon.colcon_core.verb:set package 'outdoor_simulation' build argument 'cmake_target' from command line to 'None'
[0.555s] Level 5:colcon.colcon_core.verb:set package 'outdoor_simulation' build argument 'cmake_target_skip_unavailable' from command line to 'False'
[0.555s] Level 5:colcon.colcon_core.verb:set package 'outdoor_simulation' build argument 'cmake_clean_cache' from command line to 'False'
[0.555s] Level 5:colcon.colcon_core.verb:set package 'outdoor_simulation' build argument 'cmake_clean_first' from command line to 'False'
[0.556s] Level 5:colcon.colcon_core.verb:set package 'outdoor_simulation' build argument 'cmake_force_configure' from command line to 'False'
[0.557s] Level 5:colcon.colcon_core.verb:set package 'outdoor_simulation' build argument 'ament_cmake_args' from command line to 'None'
[0.557s] Level 5:colcon.colcon_core.verb:set package 'outdoor_simulation' build argument 'catkin_cmake_args' from command line to 'None'
[0.557s] Level 5:colcon.colcon_core.verb:set package 'outdoor_simulation' build argument 'catkin_skip_building_tests' from command line to 'False'
[0.557s] DEBUG:colcon.colcon_core.verb:Building package 'outdoor_simulation' with the following arguments: {'ament_cmake_args': None, 'build_base': '/mnt/c/Users/ljhay/p1_outdoor/build/outdoor_simulation', 'catkin_cmake_args': None, 'catkin_skip_building_tests': False, 'cmake_args': None, 'cmake_clean_cache': False, 'cmake_clean_first': False, 'cmake_force_configure': False, 'cmake_target': None, 'cmake_target_skip_unavailable': False, 'install_base': '/mnt/c/Users/ljhay/p1_outdoor/install/outdoor_simulation', 'merge_install': False, 'path': '/mnt/c/Users/ljhay/p1_outdoor/src/outdoor_simulation', 'symlink_install': False, 'test_result_base': None}
[0.558s] INFO:colcon.colcon_core.executor:Executing jobs using 'parallel' executor
[0.560s] DEBUG:colcon.colcon_parallel_executor.executor.parallel:run_until_complete
[0.560s] INFO:colcon.colcon_ros.task.ament_python.build:Building ROS package in '/mnt/c/Users/ljhay/p1_outdoor/src/outdoor_simulation' with build type 'ament_python'
[0.561s] Level 1:colcon.colcon_core.shell:create_environment_hook('outdoor_simulation', 'ament_prefix_path')
[0.565s] INFO:colcon.colcon_core.plugin_system:Skipping extension 'colcon_core.shell.bat': Not used on non-Windows systems
[0.566s] INFO:colcon.colcon_core.shell:Creating environment hook '/mnt/c/Users/ljhay/p1_outdoor/install/outdoor_simulation/share/outdoor_simulation/hook/ament_prefix_path.ps1'
[0.591s] INFO:colcon.colcon_core.shell:Creating environment descriptor '/mnt/c/Users/ljhay/p1_outdoor/install/outdoor_simulation/share/outdoor_simulation/hook/ament_prefix_path.dsv'
[0.609s] INFO:colcon.colcon_core.shell:Creating environment hook '/mnt/c/Users/ljhay/p1_outdoor/install/outdoor_simulation/share/outdoor_simulation/hook/ament_prefix_path.sh'
[0.626s] INFO:colcon.colcon_core.shell:Skip shell extension 'powershell' for command environment: Not usable outside of PowerShell
[0.627s] DEBUG:colcon.colcon_core.shell:Skip shell extension 'dsv' for command environment
[0.916s] INFO:colcon.colcon_core.task.python.build:Building Python package in '/mnt/c/Users/ljhay/p1_outdoor/src/outdoor_simulation'
[0.916s] INFO:colcon.colcon_core.shell:Skip shell extension 'powershell' for command environment: Not usable outside of PowerShell
[0.917s] DEBUG:colcon.colcon_core.shell:Skip shell extension 'dsv' for command environment
[2.116s] DEBUG:colcon.colcon_core.event_handler.log_command:Invoking command in '/mnt/c/Users/ljhay/p1_outdoor/src/outdoor_simulation': PYTHONPATH=/mnt/c/Users/ljhay/p1_outdoor/build/outdoor_simulation/prefix_override:/usr/lib/python3/dist-packages/colcon_core/task/python/colcon_distutils_commands:/mnt/c/Users/ljhay/p1_outdoor/install/outdoor_simulation/lib/python3.10/site-packages: /usr/bin/python3 -W ignore:setup.py install is deprecated setup.py egg_info --egg-base ../../build/outdoor_simulation build --build-base /mnt/c/Users/ljhay/p1_outdoor/build/outdoor_simulation/build install --record /mnt/c/Users/ljhay/p1_outdoor/build/outdoor_simulation/install.log --single-version-externally-managed install_data
[3.320s] DEBUG:colcon.colcon_core.event_handler.log_command:Invoked command in '/mnt/c/Users/ljhay/p1_outdoor/src/outdoor_simulation' returned '1': PYTHONPATH=/mnt/c/Users/ljhay/p1_outdoor/build/outdoor_simulation/prefix_override:/usr/lib/python3/dist-packages/colcon_core/task/python/colcon_distutils_commands:/mnt/c/Users/ljhay/p1_outdoor/install/outdoor_simulation/lib/python3.10/site-packages: /usr/bin/python3 -W ignore:setup.py install is deprecated setup.py egg_info --egg-base ../../build/outdoor_simulation build --build-base /mnt/c/Users/ljhay/p1_outdoor/build/outdoor_simulation/build install --record /mnt/c/Users/ljhay/p1_outdoor/build/outdoor_simulation/install.log --single-version-externally-managed install_data
[3.328s] DEBUG:colcon.colcon_parallel_executor.executor.parallel:closing loop
[3.329s] DEBUG:colcon.colcon_parallel_executor.executor.parallel:loop closed
[3.329s] DEBUG:colcon.colcon_parallel_executor.executor.parallel:run_until_complete finished with '1'
[3.329s] DEBUG:colcon.colcon_core.event_reactor:joining thread
[3.361s] INFO:colcon.colcon_core.plugin_system:Skipping extension 'colcon_notification.desktop_notification.notify_send': Could not find 'notify-send'
[3.362s] INFO:colcon.colcon_core.plugin_system:Skipping extension 'colcon_notification.desktop_notification.terminal_notifier': Not used on non-Darwin systems
[3.362s] INFO:colcon.colcon_core.plugin_system:Skipping extension 'colcon_notification.desktop_notification.win32': Not used on non-Windows systems
[3.362s] INFO:colcon.colcon_notification.desktop_notification:Sending desktop notification using 'notify2'
[3.363s] DEBUG:colcon.colcon_notification.desktop_notification.notify2:Failed to initialize notify2: org.freedesktop.DBus.Error.FileNotFound: Failed to connect to socket /run/user/1000/bus: No such file or directory
[3.363s] DEBUG:colcon.colcon_core.event_reactor:joined thread
[3.363s] INFO:colcon.colcon_core.shell:Creating prefix script '/mnt/c/Users/ljhay/p1_outdoor/install/local_setup.ps1'
[3.371s] INFO:colcon.colcon_core.shell:Creating prefix util module '/mnt/c/Users/ljhay/p1_outdoor/install/_local_setup_util_ps1.py'
[3.379s] INFO:colcon.colcon_core.shell:Creating prefix chain script '/mnt/c/Users/ljhay/p1_outdoor/install/setup.ps1'
[3.387s] INFO:colcon.colcon_core.shell:Creating prefix script '/mnt/c/Users/ljhay/p1_outdoor/install/local_setup.sh'
[3.394s] INFO:colcon.colcon_core.shell:Creating prefix util module '/mnt/c/Users/ljhay/p1_outdoor/install/_local_setup_util_sh.py'
[3.402s] INFO:colcon.colcon_core.shell:Creating prefix chain script '/mnt/c/Users/ljhay/p1_outdoor/install/setup.sh'
[3.410s] INFO:colcon.colcon_core.shell:Creating prefix script '/mnt/c/Users/ljhay/p1_outdoor/install/local_setup.bash'
[3.416s] INFO:colcon.colcon_core.shell:Creating prefix chain script '/mnt/c/Users/ljhay/p1_outdoor/install/setup.bash'
[3.423s] INFO:colcon.colcon_core.shell:Creating prefix script '/mnt/c/Users/ljhay/p1_outdoor/install/local_setup.zsh'
[3.430s] INFO:colcon.colcon_core.shell:Creating prefix chain script '/mnt/c/Users/ljhay/p1_outdoor/install/setup.zsh'
