[1.528s] Invoking command in '/mnt/c/Users/ljhay/p1_outdoor/src/outdoor_simulation': PYTHONPATH=/mnt/c/Users/ljhay/p1_outdoor/build/outdoor_simulation/prefix_override:/usr/lib/python3/dist-packages/colcon_core/task/python/colcon_distutils_commands:/mnt/c/Users/ljhay/p1_outdoor/install/outdoor_simulation/lib/python3.10/site-packages: /usr/bin/python3 -W ignore:setup.py install is deprecated setup.py egg_info --egg-base ../../build/outdoor_simulation build --build-base /mnt/c/Users/ljhay/p1_outdoor/build/outdoor_simulation/build install --record /mnt/c/Users/ljhay/p1_outdoor/build/outdoor_simulation/install.log --single-version-externally-managed install_data
[2.339s] running egg_info
[2.344s] writing ../../build/outdoor_simulation/outdoor_simulation.egg-info/PKG-INFO
[2.353s] writing dependency_links to ../../build/outdoor_simulation/outdoor_simulation.egg-info/dependency_links.txt
[2.362s] writing entry points to ../../build/outdoor_simulation/outdoor_simulation.egg-info/entry_points.txt
[2.370s] writing requirements to ../../build/outdoor_simulation/outdoor_simulation.egg-info/requires.txt
[2.374s] writing top-level names to ../../build/outdoor_simulation/outdoor_simulation.egg-info/top_level.txt
[2.424s] reading manifest file '../../build/outdoor_simulation/outdoor_simulation.egg-info/SOURCES.txt'
[2.510s] writing manifest file '../../build/outdoor_simulation/outdoor_simulation.egg-info/SOURCES.txt'
[2.514s] running build
[2.516s] running build_py
[2.564s] running install
[2.566s] running install_lib
[2.695s] running install_data
[2.723s] copying launch/outdoor_simulation_launch.py -> /mnt/c/Users/ljhay/p1_outdoor/install/outdoor_simulation/share/outdoor_simulation/launch
[2.744s] creating /mnt/c/Users/ljhay/p1_outdoor/install/outdoor_simulation/share/outdoor_simulation/worlds
[2.753s] copying worlds/outdoor.wbt -> /mnt/c/Users/ljhay/p1_outdoor/install/outdoor_simulation/share/outdoor_simulation/worlds
[2.812s] copying package.xml -> /mnt/c/Users/ljhay/p1_outdoor/install/outdoor_simulation/share/outdoor_simulation
[2.826s] running install_egg_info
[2.842s] Copying ../../build/outdoor_simulation/outdoor_simulation.egg-info to /mnt/c/Users/ljhay/p1_outdoor/install/outdoor_simulation/lib/python3.10/site-packages/outdoor_simulation-0.0.0-py3.10.egg-info
[3.129s] running install_scripts
[3.216s] Installing outdoor_simulation script to /mnt/c/Users/ljhay/p1_outdoor/install/outdoor_simulation/lib/outdoor_simulation
[3.232s] writing list of installed files to '/mnt/c/Users/ljhay/p1_outdoor/build/outdoor_simulation/install.log'
[3.273s] Invoked command in '/mnt/c/Users/ljhay/p1_outdoor/src/outdoor_simulation' returned '0': PYTHONPATH=/mnt/c/Users/ljhay/p1_outdoor/build/outdoor_simulation/prefix_override:/usr/lib/python3/dist-packages/colcon_core/task/python/colcon_distutils_commands:/mnt/c/Users/ljhay/p1_outdoor/install/outdoor_simulation/lib/python3.10/site-packages: /usr/bin/python3 -W ignore:setup.py install is deprecated setup.py egg_info --egg-base ../../build/outdoor_simulation build --build-base /mnt/c/Users/ljhay/p1_outdoor/build/outdoor_simulation/build install --record /mnt/c/Users/ljhay/p1_outdoor/build/outdoor_simulation/install.log --single-version-externally-managed install_data
