running egg_info
creating ../../build/outdoor_simulation/outdoor_simulation.egg-info
writing ../../build/outdoor_simulation/outdoor_simulation.egg-info/PKG-INFO
writing dependency_links to ../../build/outdoor_simulation/outdoor_simulation.egg-info/dependency_links.txt
writing entry points to ../../build/outdoor_simulation/outdoor_simulation.egg-info/entry_points.txt
writing requirements to ../../build/outdoor_simulation/outdoor_simulation.egg-info/requires.txt
writing top-level names to ../../build/outdoor_simulation/outdoor_simulation.egg-info/top_level.txt
writing manifest file '../../build/outdoor_simulation/outdoor_simulation.egg-info/SOURCES.txt'
reading manifest file '../../build/outdoor_simulation/outdoor_simulation.egg-info/SOURCES.txt'
writing manifest file '../../build/outdoor_simulation/outdoor_simulation.egg-info/SOURCES.txt'
running build
running build_py
creating /mnt/c/Users/ljhay/p1_outdoor/build/outdoor_simulation/build
creating /mnt/c/Users/ljhay/p1_outdoor/build/outdoor_simulation/build/lib
creating /mnt/c/Users/ljhay/p1_outdoor/build/outdoor_simulation/build/lib/outdoor_simulation
copying outdoor_simulation/outdoor_simulation.py -> /mnt/c/Users/ljhay/p1_outdoor/build/outdoor_simulation/build/lib/outdoor_simulation
copying outdoor_simulation/__init__.py -> /mnt/c/Users/ljhay/p1_outdoor/build/outdoor_simulation/build/lib/outdoor_simulation
running install
running install_lib
creating /mnt/c/Users/ljhay/p1_outdoor/install/outdoor_simulation/lib/python3.10/site-packages/outdoor_simulation
copying /mnt/c/Users/ljhay/p1_outdoor/build/outdoor_simulation/build/lib/outdoor_simulation/outdoor_simulation.py -> /mnt/c/Users/ljhay/p1_outdoor/install/outdoor_simulation/lib/python3.10/site-packages/outdoor_simulation
copying /mnt/c/Users/ljhay/p1_outdoor/build/outdoor_simulation/build/lib/outdoor_simulation/__init__.py -> /mnt/c/Users/ljhay/p1_outdoor/install/outdoor_simulation/lib/python3.10/site-packages/outdoor_simulation
byte-compiling /mnt/c/Users/ljhay/p1_outdoor/install/outdoor_simulation/lib/python3.10/site-packages/outdoor_simulation/outdoor_simulation.py to outdoor_simulation.cpython-310.pyc
byte-compiling /mnt/c/Users/ljhay/p1_outdoor/install/outdoor_simulation/lib/python3.10/site-packages/outdoor_simulation/__init__.py to __init__.cpython-310.pyc
running install_data
creating /mnt/c/Users/ljhay/p1_outdoor/install/outdoor_simulation/share/ament_index
creating /mnt/c/Users/ljhay/p1_outdoor/install/outdoor_simulation/share/ament_index/resource_index
creating /mnt/c/Users/ljhay/p1_outdoor/install/outdoor_simulation/share/ament_index/resource_index/packages
copying resource/outdoor_simulation -> /mnt/c/Users/ljhay/p1_outdoor/install/outdoor_simulation/share/ament_index/resource_index/packages
creating /mnt/c/Users/ljhay/p1_outdoor/install/outdoor_simulation/share/outdoor_simulation/launch
error: can't copy 'launch/indoor_simulation_launch.py': doesn't exist or not a regular file
