[2.706s] Invoking command in '/mnt/c/Users/ljhay/p1_outdoor/src/outdoor_simulation': PYTHONPATH=/mnt/c/Users/ljhay/p1_outdoor/build/outdoor_simulation/prefix_override:/usr/lib/python3/dist-packages/colcon_core/task/python/colcon_distutils_commands:/mnt/c/Users/ljhay/p1_outdoor/install/outdoor_simulation/lib/python3.10/site-packages:${PYTHONPATH} /usr/bin/python3 -W ignore:setup.py install is deprecated setup.py egg_info --egg-base ../../build/outdoor_simulation build --build-base /mnt/c/Users/ljhay/p1_outdoor/build/outdoor_simulation/build install --record /mnt/c/Users/ljhay/p1_outdoor/build/outdoor_simulation/install.log --single-version-externally-managed install_data
[3.979s] running egg_info
[3.987s] creating ../../build/outdoor_simulation/outdoor_simulation.egg-info
[3.994s] writing ../../build/outdoor_simulation/outdoor_simulation.egg-info/PKG-INFO
[4.011s] writing dependency_links to ../../build/outdoor_simulation/outdoor_simulation.egg-info/dependency_links.txt
[4.024s] writing entry points to ../../build/outdoor_simulation/outdoor_simulation.egg-info/entry_points.txt
[4.033s] writing requirements to ../../build/outdoor_simulation/outdoor_simulation.egg-info/requires.txt
[4.042s] writing top-level names to ../../build/outdoor_simulation/outdoor_simulation.egg-info/top_level.txt
[4.056s] writing manifest file '../../build/outdoor_simulation/outdoor_simulation.egg-info/SOURCES.txt'
[4.127s] reading manifest file '../../build/outdoor_simulation/outdoor_simulation.egg-info/SOURCES.txt'
[4.233s] writing manifest file '../../build/outdoor_simulation/outdoor_simulation.egg-info/SOURCES.txt'
[4.240s] running build
[4.242s] running build_py
[4.255s] creating /mnt/c/Users/ljhay/p1_outdoor/build/outdoor_simulation/build
[4.259s] creating /mnt/c/Users/ljhay/p1_outdoor/build/outdoor_simulation/build/lib
[4.264s] creating /mnt/c/Users/ljhay/p1_outdoor/build/outdoor_simulation/build/lib/outdoor_simulation
[4.283s] copying outdoor_simulation/outdoor_simulation.py -> /mnt/c/Users/ljhay/p1_outdoor/build/outdoor_simulation/build/lib/outdoor_simulation
[4.325s] copying outdoor_simulation/__init__.py -> /mnt/c/Users/ljhay/p1_outdoor/build/outdoor_simulation/build/lib/outdoor_simulation
[4.350s] running install
[4.352s] running install_lib
[4.389s] creating /mnt/c/Users/ljhay/p1_outdoor/install/outdoor_simulation/lib/python3.10/site-packages/outdoor_simulation
[4.418s] copying /mnt/c/Users/ljhay/p1_outdoor/build/outdoor_simulation/build/lib/outdoor_simulation/outdoor_simulation.py -> /mnt/c/Users/ljhay/p1_outdoor/install/outdoor_simulation/lib/python3.10/site-packages/outdoor_simulation
[4.472s] copying /mnt/c/Users/ljhay/p1_outdoor/build/outdoor_simulation/build/lib/outdoor_simulation/__init__.py -> /mnt/c/Users/ljhay/p1_outdoor/install/outdoor_simulation/lib/python3.10/site-packages/outdoor_simulation
[4.536s] byte-compiling /mnt/c/Users/ljhay/p1_outdoor/install/outdoor_simulation/lib/python3.10/site-packages/outdoor_simulation/outdoor_simulation.py to outdoor_simulation.cpython-310.pyc
[4.613s] byte-compiling /mnt/c/Users/ljhay/p1_outdoor/install/outdoor_simulation/lib/python3.10/site-packages/outdoor_simulation/__init__.py to __init__.cpython-310.pyc
[4.680s] running install_data
[4.695s] creating /mnt/c/Users/ljhay/p1_outdoor/install/outdoor_simulation/share/ament_index
[4.699s] creating /mnt/c/Users/ljhay/p1_outdoor/install/outdoor_simulation/share/ament_index/resource_index
[4.705s] creating /mnt/c/Users/ljhay/p1_outdoor/install/outdoor_simulation/share/ament_index/resource_index/packages
[4.727s] copying resource/outdoor_simulation -> /mnt/c/Users/ljhay/p1_outdoor/install/outdoor_simulation/share/ament_index/resource_index/packages
[4.767s] creating /mnt/c/Users/ljhay/p1_outdoor/install/outdoor_simulation/share/outdoor_simulation/launch
[4.773s] error: can't copy 'launch/indoor_simulation_launch.py': doesn't exist or not a regular file
[4.824s] Invoked command in '/mnt/c/Users/ljhay/p1_outdoor/src/outdoor_simulation' returned '1': PYTHONPATH=/mnt/c/Users/ljhay/p1_outdoor/build/outdoor_simulation/prefix_override:/usr/lib/python3/dist-packages/colcon_core/task/python/colcon_distutils_commands:/mnt/c/Users/ljhay/p1_outdoor/install/outdoor_simulation/lib/python3.10/site-packages:${PYTHONPATH} /usr/bin/python3 -W ignore:setup.py install is deprecated setup.py egg_info --egg-base ../../build/outdoor_simulation build --build-base /mnt/c/Users/ljhay/p1_outdoor/build/outdoor_simulation/build install --record /mnt/c/Users/ljhay/p1_outdoor/build/outdoor_simulation/install.log --single-version-externally-managed install_data
